2022-04-29 23:30:11,378 INFO o.a.j.u.JMeterUtils: Setting Locale to en_US
2022-04-29 23:30:11,395 INFO o.a.j.JMeter: Loading user properties from: /root/.bzt/jmeter-taurus/5.4.2/bin/user.properties
2022-04-29 23:30:11,396 INFO o.a.j.JMeter: Loading system properties from: /root/.bzt/jmeter-taurus/5.4.2/bin/system.properties
2022-04-29 23:30:11,396 INFO o.a.j.JMeter: Loading additional properties from: /dc-app-performance-toolkit/app/results/jira/2022-04-29_23-29-42/jmeter-bzt.properties
2022-04-29 23:30:11,396 INFO o.a.j.JMeter: Setting System properties from file: /dc-app-performance-toolkit/app/results/jira/2022-04-29_23-29-42/system.properties
2022-04-29 23:30:11,401 INFO o.a.j.JMeter: Copyright (c) 1998-2021 The Apache Software Foundation
2022-04-29 23:30:11,402 INFO o.a.j.JMeter: Version 5.4.2
2022-04-29 23:30:11,402 INFO o.a.j.JMeter: java.version=11.0.13
2022-04-29 23:30:11,402 INFO o.a.j.JMeter: java.vm.name=OpenJDK 64-Bit Server VM
2022-04-29 23:30:11,402 INFO o.a.j.JMeter: os.name=Linux
2022-04-29 23:30:11,402 INFO o.a.j.JMeter: os.arch=amd64
2022-04-29 23:30:11,402 INFO o.a.j.JMeter: os.version=5.13.0-1022-aws
2022-04-29 23:30:11,402 INFO o.a.j.JMeter: file.encoding=UTF-8
2022-04-29 23:30:11,402 INFO o.a.j.JMeter: java.awt.headless=true
2022-04-29 23:30:11,402 INFO o.a.j.JMeter: Max memory     =8589934592
2022-04-29 23:30:11,402 INFO o.a.j.JMeter: Available Processors =8
2022-04-29 23:30:11,408 INFO o.a.j.JMeter: Default Locale=English (United States)
2022-04-29 23:30:11,408 INFO o.a.j.JMeter: JMeter  Locale=English (United States)
2022-04-29 23:30:11,408 INFO o.a.j.JMeter: JMeterHome=/root/.bzt/jmeter-taurus/5.4.2
2022-04-29 23:30:11,408 INFO o.a.j.JMeter: user.dir  =/dc-app-performance-toolkit/app
2022-04-29 23:30:11,408 INFO o.a.j.JMeter: PWD       =/dc-app-performance-toolkit/app
2022-04-29 23:30:11,408 INFO o.a.j.JMeter: IP: 172.17.0.2 Name: e7a54292328d FullName: e7a54292328d
2022-04-29 23:30:11,408 INFO o.a.j.JMeter: user.classpath=/dc-app-performance-toolkit/app/results/jira/2022-04-29_23-29-42:/dc-app-performance-toolkit/app/jmeter
2022-04-29 23:30:11,408 INFO o.a.j.JMeter: Adding to classpath and loader: /dc-app-performance-toolkit/app/results/jira/2022-04-29_23-29-42
2022-04-29 23:30:11,409 INFO o.a.j.JMeter: Adding to classpath and loader: /dc-app-performance-toolkit/app/jmeter
2022-04-29 23:30:11,413 INFO o.a.j.s.FileServer: Default base='/dc-app-performance-toolkit/app'
2022-04-29 23:30:11,413 INFO o.a.j.s.FileServer: Set new base='/dc-app-performance-toolkit/app/jmeter'
2022-04-29 23:30:11,563 INFO o.a.j.s.SaveService: Testplan (JMX) version: 2.2. Testlog (JTL) version: 2.2
2022-04-29 23:30:11,579 INFO o.a.j.s.SaveService: Using SaveService properties version 5.0
2022-04-29 23:30:11,581 INFO o.a.j.s.SaveService: Using SaveService properties file encoding UTF-8
2022-04-29 23:30:11,584 INFO o.a.j.s.SaveService: Loading file: /dc-app-performance-toolkit/app/jmeter/modified_jira.jmx
2022-04-29 23:30:11,610 INFO o.a.j.p.h.c.CookieManager: Settings: Delete null: true Check: true Allow variable: true Save: false Prefix: COOKIE_
2022-04-29 23:30:11,675 INFO o.a.j.p.h.s.HTTPSamplerBase: Parser for text/html is org.apache.jmeter.protocol.http.parser.LagartoBasedHtmlParser
2022-04-29 23:30:11,675 INFO o.a.j.p.h.s.HTTPSamplerBase: Parser for application/xhtml+xml is org.apache.jmeter.protocol.http.parser.LagartoBasedHtmlParser
2022-04-29 23:30:11,675 INFO o.a.j.p.h.s.HTTPSamplerBase: Parser for application/xml is org.apache.jmeter.protocol.http.parser.LagartoBasedHtmlParser
2022-04-29 23:30:11,675 INFO o.a.j.p.h.s.HTTPSamplerBase: Parser for text/xml is org.apache.jmeter.protocol.http.parser.LagartoBasedHtmlParser
2022-04-29 23:30:11,675 INFO o.a.j.p.h.s.HTTPSamplerBase: Parser for text/vnd.wap.wml is org.apache.jmeter.protocol.http.parser.RegexpHTMLParser
2022-04-29 23:30:11,675 INFO o.a.j.p.h.s.HTTPSamplerBase: Parser for text/css is org.apache.jmeter.protocol.http.parser.CssParser
2022-04-29 23:30:12,004 INFO o.a.j.e.StandardJMeterEngine: Running the test!
2022-04-29 23:30:12,005 INFO o.a.j.s.SampleEvent: List of sample_variables: []
2022-04-29 23:30:12,005 INFO o.a.j.s.SampleEvent: List of sample_variables: []
2022-04-29 23:30:12,028 INFO o.a.j.e.u.CompoundVariable: Note: Function class names must contain the string: '.functions.'
2022-04-29 23:30:12,028 INFO o.a.j.e.u.CompoundVariable: Note: Function class names must not contain the string: '.gui.'
2022-04-29 23:30:12,367 INFO c.b.c.RandomCSVReader: Start reading the file: /dc-app-performance-toolkit/app/datasets/jira/issues.csv
2022-04-29 23:30:12,388 INFO c.b.c.RandomCSVReader: Reading finished. Found 8000 records in your csv file
2022-04-29 23:30:12,388 INFO c.b.c.RandomCSVReader: Start reading the file: /dc-app-performance-toolkit/app/datasets/jira/scrum-boards.csv
2022-04-29 23:30:12,388 INFO c.b.c.RandomCSVReader: Reading finished. Found 4 records in your csv file
2022-04-29 23:30:12,388 INFO c.b.c.RandomCSVReader: Start reading the file: /dc-app-performance-toolkit/app/datasets/jira/kanban-boards.csv
2022-04-29 23:30:12,388 INFO c.b.c.RandomCSVReader: Reading finished. Found 50 records in your csv file
2022-04-29 23:30:12,389 INFO c.b.c.RandomCSVReader: Start reading the file: /dc-app-performance-toolkit/app/datasets/jira/projects.csv
2022-04-29 23:30:12,389 INFO c.b.c.RandomCSVReader: Reading finished. Found 245 records in your csv file
2022-04-29 23:30:12,394 INFO o.a.j.JMeter: Running test (1651275012394)
2022-04-29 23:30:12,395 INFO o.a.j.e.StandardJMeterEngine: Starting setUp thread groups
2022-04-29 23:30:12,395 INFO o.a.j.e.StandardJMeterEngine: Starting setUp ThreadGroup: 1 : setUp Thread Group 
2022-04-29 23:30:12,396 INFO o.a.j.e.StandardJMeterEngine: Starting 1 threads for group setUp Thread Group.
2022-04-29 23:30:12,396 INFO o.a.j.e.StandardJMeterEngine: Thread will continue on error
2022-04-29 23:30:12,396 INFO o.a.j.t.ThreadGroup: Starting thread group... number=1 threads=1 ramp-up=1 delayedStart=false
2022-04-29 23:30:12,406 INFO o.a.j.t.ThreadGroup: Started thread group number 1
2022-04-29 23:30:12,406 INFO o.a.j.e.StandardJMeterEngine: Waiting for all setup thread groups to exit
2022-04-29 23:30:12,408 INFO o.a.j.t.JMeterThread: Thread started: setUp Thread Group 1-1
2022-04-29 23:30:12,424 INFO o.a.j.t.JMeterThread: Thread is done: setUp Thread Group 1-1
2022-04-29 23:30:12,424 INFO o.a.j.t.JMeterThread: Thread finished: setUp Thread Group 1-1
2022-04-29 23:30:12,424 INFO o.a.j.e.StandardJMeterEngine: All Setup Threads have ended
2022-04-29 23:30:12,445 INFO o.a.j.e.StandardJMeterEngine: Starting ThreadGroup: 1 : Jira
2022-04-29 23:30:12,445 INFO o.a.j.e.StandardJMeterEngine: Starting 200 threads for group Jira.
2022-04-29 23:30:12,445 INFO o.a.j.e.StandardJMeterEngine: Thread will continue on error
2022-04-29 23:30:12,456 INFO o.a.j.e.StandardJMeterEngine: All thread groups have been started
2022-04-29 23:30:12,456 INFO c.b.j.t.c.ConcurrencyThreadStarter: Start supplying threads
2022-04-29 23:30:12,915 INFO o.a.j.s.SampleResult: Note: Sample TimeStamps are START times
2022-04-29 23:30:12,915 INFO o.a.j.s.SampleResult: sampleresult.default.encoding is set to UTF-8
2022-04-29 23:30:12,915 INFO o.a.j.s.SampleResult: sampleresult.useNanoTime=true
2022-04-29 23:30:12,915 INFO o.a.j.s.SampleResult: sampleresult.nanoThreadSleep=5000
2022-04-29 23:30:12,925 INFO o.a.j.t.JMeterThread: Thread started: Jira 1-1
2022-04-29 23:30:12,930 INFO o.a.j.s.FileServer: Stored: datasets/jira/users.csv
2022-04-29 23:30:12,946 INFO o.a.j.p.h.s.HTTPHCAbstractImpl: Local host = e7a54292328d
2022-04-29 23:30:12,949 INFO o.a.j.p.h.s.HTTPHC4Impl: HTTP request retry count = 0
2022-04-29 23:30:13,929 INFO o.a.j.t.JMeterThread: Thread started: Jira 1-2
2022-04-29 23:30:14,544 INFO o.a.j.s.FileServer: Stored: datasets/jira/jqls.csv
2022-04-29 23:30:14,944 INFO o.a.j.t.JMeterThread: Thread started: Jira 1-3
2022-04-29 23:30:15,611 INFO o.a.j.t.J.pacing timer: concurrency: 200, delay_between_transactions: 13211.009174311926, thread_sleep: 13018
2022-04-29 23:30:15,964 INFO o.a.j.t.JMeterThread: Thread started: Jira 1-4
2022-04-29 23:30:16,193 INFO o.a.j.t.J.pacing timer: concurrency: 200, delay_between_transactions: 13211.009174311926, thread_sleep: 11600
2022-04-29 23:30:16,974 INFO o.a.j.t.JMeterThread: Thread started: Jira 1-5
2022-04-29 23:30:17,189 INFO o.a.j.t.J.pacing timer: concurrency: 200, delay_between_transactions: 13211.009174311926, thread_sleep: 10674
2022-04-29 23:30:17,591 INFO o.a.j.t.J.pacing timer: concurrency: 200, delay_between_transactions: 13211.009174311926, thread_sleep: 12067
2022-04-29 23:30:17,593 INFO o.a.j.t.J.pacing timer: concurrency: 200, delay_between_transactions: 13211.009174311926, thread_sleep: 12906
2022-04-29 23:30:17,981 INFO o.a.j.t.JMeterThread: Thread started: Jira 1-6
2022-04-29 23:30:18,991 INFO o.a.j.t.JMeterThread: Thread started: Jira 1-7
2022-04-29 23:30:19,557 INFO o.a.j.t.J.pacing timer: concurrency: 200, delay_between_transactions: 13211.009174311926, thread_sleep: 12959
2022-04-29 23:30:20,001 INFO o.a.j.t.JMeterThread: Thread started: Jira 1-8
2022-04-29 23:30:20,985 INFO o.a.j.t.J.pacing timer: concurrency: 200, delay_between_transactions: 13211.009174311926, thread_sleep: 10664
2022-04-29 23:30:21,006 INFO o.a.j.t.JMeterThread: Thread started: Jira 1-9
2022-04-29 23:30:21,024 INFO o.a.j.t.JMeterThread: Thread started: Jira 1-10
2022-04-29 23:30:22,036 INFO o.a.j.t.JMeterThread: Thread started: Jira 1-11
2022-04-29 23:30:22,552 INFO o.a.j.t.J.pacing timer: concurrency: 200, delay_between_transactions: 13211.009174311926, thread_sleep: 12942
2022-04-29 23:30:22,693 INFO o.a.j.t.J.pacing timer: concurrency: 200, delay_between_transactions: 13211.009174311926, thread_sleep: 12906
2022-04-29 23:30:22,887 INFO o.a.j.t.J.pacing timer: concurrency: 200, delay_between_transactions: 13211.009174311926, thread_sleep: 11620
2022-04-29 23:30:22,980 INFO o.a.j.t.J.pacing timer: concurrency: 200, delay_between_transactions: 13211.009174311926, thread_sleep: 10664
2022-04-29 23:30:23,043 INFO o.a.j.t.JMeterThread: Thread started: Jira 1-12
2022-04-29 23:30:23,578 INFO o.a.j.t.J.pacing timer: concurrency: 200, delay_between_transactions: 13211.009174311926, thread_sleep: 13074
2022-04-29 23:30:24,050 INFO o.a.j.t.JMeterThread: Thread started: Jira 1-13
2022-04-29 23:30:24,565 INFO o.a.j.t.J.pacing timer: concurrency: 200, delay_between_transactions: 13211.009174311926, thread_sleep: 12994
2022-04-29 23:30:25,057 INFO o.a.j.t.JMeterThread: Thread started: Jira 1-14
2022-04-29 23:30:25,633 INFO o.a.j.t.J.pacing timer: concurrency: 200, delay_between_transactions: 13211.009174311926, thread_sleep: 12982
2022-04-29 23:30:26,062 INFO o.a.j.t.JMeterThread: Thread started: Jira 1-15
2022-04-29 23:30:27,025 INFO o.a.j.t.J.pacing timer: concurrency: 200, delay_between_transactions: 13211.009174311926, thread_sleep: 12544
2022-04-29 23:30:27,070 INFO o.a.j.t.JMeterThread: Thread started: Jira 1-16
2022-04-29 23:30:27,964 INFO o.a.j.t.J.pacing timer: concurrency: 200, delay_between_transactions: 13211.009174311926, thread_sleep: 12648
2022-04-29 23:30:28,033 INFO o.a.j.t.J.pacing timer: concurrency: 200, delay_between_transactions: 13211.009174311926, thread_sleep: 12973
2022-04-29 23:30:28,075 INFO o.a.j.t.JMeterThread: Thread started: Jira 1-17
2022-04-29 23:30:28,179 INFO o.a.j.t.J.pacing timer: concurrency: 200, delay_between_transactions: 13211.009174311926, thread_sleep: 12896
2022-04-29 23:30:28,708 INFO o.a.j.t.J.pacing timer: concurrency: 200, delay_between_transactions: 13211.009174311926, thread_sleep: 13135
2022-04-29 23:30:29,081 INFO o.a.j.t.JMeterThread: Thread started: Jira 1-18
2022-04-29 23:30:29,118 INFO o.a.j.t.J.pacing timer: concurrency: 200, delay_between_transactions: 13211.009174311926, thread_sleep: 13014
2022-04-29 23:30:29,922 INFO o.a.j.t.J.pacing timer: concurrency: 200, delay_between_transactions: 13211.009174311926, thread_sleep: 12948
2022-04-29 23:30:30,091 INFO o.a.j.t.JMeterThread: Thread started: Jira 1-19
2022-04-29 23:30:30,097 INFO o.a.j.t.JMeterThread: Thread started: Jira 1-20
2022-04-29 23:30:30,484 INFO o.a.j.t.J.pacing timer: concurrency: 200, delay_between_transactions: 13211.009174311926, thread_sleep: 13114
2022-04-29 23:30:30,586 INFO o.a.j.t.J.pacing timer: concurrency: 200, delay_between_transactions: 13211.009174311926, thread_sleep: 13124
2022-04-29 23:30:30,750 INFO o.a.j.t.J.pacing timer: concurrency: 200, delay_between_transactions: 13211.009174311926, thread_sleep: 12902
2022-04-29 23:30:30,855 INFO o.a.j.t.J.pacing timer: concurrency: 200, delay_between_transactions: 13211.009174311926, thread_sleep: 11809
2022-04-29 23:30:31,102 INFO o.a.j.t.JMeterThread: Thread started: Jira 1-21
2022-04-29 23:30:31,782 INFO o.a.j.t.J.pacing timer: concurrency: 200, delay_between_transactions: 13211.009174311926, thread_sleep: 13080
2022-04-29 23:30:32,113 INFO o.a.j.t.JMeterThread: Thread started: Jira 1-22
2022-04-29 23:30:32,663 INFO o.a.j.t.J.pacing timer: concurrency: 200, delay_between_transactions: 13211.009174311926, thread_sleep: 12957
2022-04-29 23:30:32,682 INFO o.a.j.t.J.pacing timer: concurrency: 200, delay_between_transactions: 13211.009174311926, thread_sleep: 11940
2022-04-29 23:30:33,119 INFO o.a.j.t.JMeterThread: Thread started: Jira 1-23
2022-04-29 23:30:33,593 INFO o.a.j.t.J.pacing timer: concurrency: 200, delay_between_transactions: 13211.009174311926, thread_sleep: 12135
2022-04-29 23:30:34,073 INFO o.a.j.t.J.pacing timer: concurrency: 200, delay_between_transactions: 13211.009174311926, thread_sleep: 12783
2022-04-29 23:30:34,118 INFO o.a.j.t.J.pacing timer: concurrency: 200, delay_between_transactions: 13211.009174311926, thread_sleep: 12731
2022-04-29 23:30:34,127 INFO o.a.j.t.JMeterThread: Thread started: Jira 1-24
2022-04-29 23:30:34,670 INFO o.a.j.t.J.pacing timer: concurrency: 200, delay_between_transactions: 13211.009174311926, thread_sleep: 12970
2022-04-29 23:30:34,714 INFO o.a.j.t.J.pacing timer: concurrency: 200, delay_between_transactions: 13211.009174311926, thread_sleep: 13004
2022-04-29 23:30:35,132 INFO o.a.j.t.JMeterThread: Thread started: Jira 1-25
2022-04-29 23:30:35,487 INFO o.a.j.t.J.pacing timer: concurrency: 200, delay_between_transactions: 13211.009174311926, thread_sleep: 13146
2022-04-29 23:30:35,773 INFO o.a.j.t.J.pacing timer: concurrency: 200, delay_between_transactions: 13211.009174311926, thread_sleep: 12933
2022-04-29 23:30:35,813 INFO o.a.j.t.J.pacing timer: concurrency: 200, delay_between_transactions: 13211.009174311926, thread_sleep: 12998
2022-04-29 23:30:36,142 INFO o.a.j.t.JMeterThread: Thread started: Jira 1-26
2022-04-29 23:30:36,664 INFO o.a.j.t.J.pacing timer: concurrency: 200, delay_between_transactions: 13211.009174311926, thread_sleep: 12978
2022-04-29 23:30:37,092 INFO o.a.j.t.J.pacing timer: concurrency: 200, delay_between_transactions: 13211.009174311926, thread_sleep: 12773
2022-04-29 23:30:37,152 INFO o.a.j.t.JMeterThread: Thread started: Jira 1-27
2022-04-29 23:30:37,702 INFO o.a.j.t.J.pacing timer: concurrency: 200, delay_between_transactions: 13211.009174311926, thread_sleep: 12969
2022-04-29 23:30:37,811 INFO o.a.j.t.J.pacing timer: concurrency: 200, delay_between_transactions: 13211.009174311926, thread_sleep: 12961
2022-04-29 23:30:38,159 INFO o.a.j.t.JMeterThread: Thread started: Jira 1-28
2022-04-29 23:30:38,171 INFO o.a.j.t.JMeterThread: Thread started: Jira 1-29
2022-04-29 23:30:38,547 INFO o.a.j.t.J.pacing timer: concurrency: 200, delay_between_transactions: 13211.009174311926, thread_sleep: 13122
2022-04-29 23:30:38,683 INFO o.a.j.t.J.pacing timer: concurrency: 200, delay_between_transactions: 13211.009174311926, thread_sleep: 13016
2022-04-29 23:30:38,865 INFO o.a.j.t.J.pacing timer: concurrency: 200, delay_between_transactions: 13211.009174311926, thread_sleep: 12962
2022-04-29 23:30:39,179 INFO o.a.j.t.JMeterThread: Thread started: Jira 1-30
2022-04-29 23:30:39,766 INFO o.a.j.t.J.pacing timer: concurrency: 200, delay_between_transactions: 13211.009174311926, thread_sleep: 13015
2022-04-29 23:30:39,951 INFO o.a.j.t.J.pacing timer: concurrency: 200, delay_between_transactions: 13211.009174311926, thread_sleep: 12728
2022-04-29 23:30:40,185 INFO o.a.j.t.JMeterThread: Thread started: Jira 1-31
2022-04-29 23:30:40,718 INFO o.a.j.t.J.pacing timer: concurrency: 200, delay_between_transactions: 13211.009174311926, thread_sleep: 13105
2022-04-29 23:30:40,970 INFO o.a.j.t.J.pacing timer: concurrency: 200, delay_between_transactions: 13211.009174311926, thread_sleep: 12717
2022-04-29 23:30:41,078 INFO o.a.j.t.J.pacing timer: concurrency: 200, delay_between_transactions: 13211.009174311926, thread_sleep: 13141
2022-04-29 23:30:41,192 INFO o.a.j.t.JMeterThread: Thread started: Jira 1-32
2022-04-29 23:30:41,327 INFO o.a.j.t.J.pacing timer: concurrency: 200, delay_between_transactions: 13211.009174311926, thread_sleep: 12960
2022-04-29 23:30:41,566 INFO o.a.j.t.J.pacing timer: concurrency: 200, delay_between_transactions: 13211.009174311926, thread_sleep: 13145
2022-04-29 23:30:42,155 INFO o.a.j.t.J.pacing timer: concurrency: 200, delay_between_transactions: 13211.009174311926, thread_sleep: 12900
2022-04-29 23:30:42,197 INFO o.a.j.t.JMeterThread: Thread started: Jira 1-33
2022-04-29 23:30:42,534 INFO o.a.j.t.J.pacing timer: concurrency: 200, delay_between_transactions: 13211.009174311926, thread_sleep: 12810
2022-04-29 23:30:42,732 INFO o.a.j.t.J.pacing timer: concurrency: 200, delay_between_transactions: 13211.009174311926, thread_sleep: 13028
2022-04-29 23:30:42,783 INFO o.a.j.t.J.pacing timer: concurrency: 200, delay_between_transactions: 13211.009174311926, thread_sleep: 13093
2022-04-29 23:30:43,018 INFO o.a.j.t.J.pacing timer: concurrency: 200, delay_between_transactions: 13211.009174311926, thread_sleep: 13064
2022-04-29 23:30:43,203 INFO o.a.j.t.JMeterThread: Thread started: Jira 1-34
2022-04-29 23:30:43,585 INFO o.a.j.t.J.pacing timer: concurrency: 200, delay_between_transactions: 13211.009174311926, thread_sleep: 13124
2022-04-29 23:30:43,650 INFO o.a.j.t.J.pacing timer: concurrency: 200, delay_between_transactions: 13211.009174311926, thread_sleep: 13160
2022-04-29 23:30:43,891 INFO o.a.j.t.J.pacing timer: concurrency: 200, delay_between_transactions: 13211.009174311926, thread_sleep: 12972
2022-04-29 23:30:44,209 INFO o.a.j.t.JMeterThread: Thread started: Jira 1-35
2022-04-29 23:30:44,732 INFO o.a.j.t.J.pacing timer: concurrency: 200, delay_between_transactions: 13211.009174311926, thread_sleep: 12975
2022-04-29 23:30:45,095 INFO o.a.j.t.J.pacing timer: concurrency: 200, delay_between_transactions: 13211.009174311926, thread_sleep: 12739
2022-04-29 23:30:45,100 INFO o.a.j.t.J.pacing timer: concurrency: 200, delay_between_transactions: 13211.009174311926, thread_sleep: 12975
2022-04-29 23:30:45,216 INFO o.a.j.t.JMeterThread: Thread started: Jira 1-36
2022-04-29 23:30:45,226 INFO o.a.j.t.J.pacing timer: concurrency: 200, delay_between_transactions: 13211.009174311926, thread_sleep: 11696
2022-04-29 23:30:45,779 INFO o.a.j.t.J.pacing timer: concurrency: 200, delay_between_transactions: 13211.009174311926, thread_sleep: 13162
2022-04-29 23:30:45,839 INFO o.a.j.t.J.pacing timer: concurrency: 200, delay_between_transactions: 13211.009174311926, thread_sleep: 12947
2022-04-29 23:30:46,098 INFO o.a.j.t.J.pacing timer: concurrency: 200, delay_between_transactions: 13211.009174311926, thread_sleep: 12734
2022-04-29 23:30:46,223 INFO o.a.j.t.JMeterThread: Thread started: Jira 1-37
2022-04-29 23:30:46,228 INFO o.a.j.t.JMeterThread: Thread started: Jira 1-38
2022-04-29 23:30:46,741 INFO o.a.j.t.J.pacing timer: concurrency: 200, delay_between_transactions: 13211.009174311926, thread_sleep: 13012
2022-04-29 23:30:46,748 INFO o.a.j.t.J.pacing timer: concurrency: 200, delay_between_transactions: 13211.009174311926, thread_sleep: 13016
2022-04-29 23:30:46,947 INFO o.a.j.t.J.pacing timer: concurrency: 200, delay_between_transactions: 13211.009174311926, thread_sleep: 13121
2022-04-29 23:30:47,033 INFO o.a.j.t.J.pacing timer: concurrency: 200, delay_between_transactions: 13211.009174311926, thread_sleep: 13028
2022-04-29 23:30:47,235 INFO o.a.j.t.JMeterThread: Thread started: Jira 1-39
2022-04-29 23:30:47,898 INFO o.a.j.t.J.pacing timer: concurrency: 200, delay_between_transactions: 13211.009174311926, thread_sleep: 13032
2022-04-29 23:30:47,946 INFO o.a.j.t.J.pacing timer: concurrency: 200, delay_between_transactions: 13211.009174311926, thread_sleep: 12906
2022-04-29 23:30:47,989 INFO o.a.j.t.J.pacing timer: concurrency: 200, delay_between_transactions: 13211.009174311926, thread_sleep: 12735
2022-04-29 23:30:48,241 INFO o.a.j.t.JMeterThread: Thread started: Jira 1-40
2022-04-29 23:30:48,682 INFO o.a.j.t.J.pacing timer: concurrency: 200, delay_between_transactions: 13211.009174311926, thread_sleep: 13165
2022-04-29 23:30:48,798 INFO o.a.j.t.J.pacing timer: concurrency: 200, delay_between_transactions: 13211.009174311926, thread_sleep: 13120
2022-04-29 23:30:48,872 INFO o.a.j.t.J.pacing timer: concurrency: 200, delay_between_transactions: 13211.009174311926, thread_sleep: 13152
2022-04-29 23:30:49,248 INFO o.a.j.t.JMeterThread: Thread started: Jira 1-41
2022-04-29 23:30:49,728 INFO o.a.j.t.J.pacing timer: concurrency: 200, delay_between_transactions: 13211.009174311926, thread_sleep: 12064
2022-04-29 23:30:49,739 INFO o.a.j.t.J.pacing timer: concurrency: 200, delay_between_transactions: 13211.009174311926, thread_sleep: 12992
2022-04-29 23:30:49,853 INFO o.a.j.t.J.pacing timer: concurrency: 200, delay_between_transactions: 13211.009174311926, thread_sleep: 13004
2022-04-29 23:30:50,075 INFO o.a.j.t.J.pacing timer: concurrency: 200, delay_between_transactions: 13211.009174311926, thread_sleep: 13001
2022-04-29 23:30:50,255 INFO o.a.j.t.JMeterThread: Thread started: Jira 1-42
2022-04-29 23:30:50,653 INFO o.a.j.t.J.pacing timer: concurrency: 200, delay_between_transactions: 13211.009174311926, thread_sleep: 13143
2022-04-29 23:30:51,025 INFO o.a.j.t.J.pacing timer: concurrency: 200, delay_between_transactions: 13211.009174311926, thread_sleep: 12959
2022-04-29 23:30:51,165 INFO o.a.j.t.J.pacing timer: concurrency: 200, delay_between_transactions: 13211.009174311926, thread_sleep: 12718
2022-04-29 23:30:51,261 INFO o.a.j.t.JMeterThread: Thread started: Jira 1-43
2022-04-29 23:30:51,736 INFO o.a.j.t.J.pacing timer: concurrency: 200, delay_between_transactions: 13211.009174311926, thread_sleep: 13024
2022-04-29 23:30:51,790 INFO o.a.j.t.J.pacing timer: concurrency: 200, delay_between_transactions: 13211.009174311926, thread_sleep: 13121
2022-04-29 23:30:51,942 INFO o.a.j.t.J.pacing timer: concurrency: 200, delay_between_transactions: 13211.009174311926, thread_sleep: 13097
2022-04-29 23:30:52,067 INFO o.a.j.t.J.pacing timer: concurrency: 200, delay_between_transactions: 13211.009174311926, thread_sleep: 12814
2022-04-29 23:30:52,267 INFO o.a.j.t.JMeterThread: Thread started: Jira 1-44
2022-04-29 23:30:52,780 INFO o.a.j.t.J.pacing timer: concurrency: 200, delay_between_transactions: 13211.009174311926, thread_sleep: 12998
2022-04-29 23:30:52,947 INFO o.a.j.t.J.pacing timer: concurrency: 200, delay_between_transactions: 13211.009174311926, thread_sleep: 13046
2022-04-29 23:30:53,056 INFO o.a.j.t.J.pacing timer: concurrency: 200, delay_between_transactions: 13211.009174311926, thread_sleep: 12835
2022-04-29 23:30:53,276 INFO o.a.j.t.JMeterThread: Thread started: Jira 1-45
2022-04-29 23:30:53,800 INFO o.a.j.t.J.pacing timer: concurrency: 200, delay_between_transactions: 13211.009174311926, thread_sleep: 12951
2022-04-29 23:30:54,144 INFO o.a.j.t.J.pacing timer: concurrency: 200, delay_between_transactions: 13211.009174311926, thread_sleep: 12755
2022-04-29 23:30:54,281 INFO o.a.j.t.JMeterThread: Thread started: Jira 1-46
2022-04-29 23:30:54,327 INFO o.a.j.t.J.pacing timer: concurrency: 200, delay_between_transactions: 13211.009174311926, thread_sleep: 13104
2022-04-29 23:30:54,397 INFO o.a.j.t.J.pacing timer: concurrency: 200, delay_between_transactions: 13211.009174311926, thread_sleep: 12637
2022-04-29 23:30:54,555 INFO o.a.j.t.J.pacing timer: concurrency: 200, delay_between_transactions: 13211.009174311926, thread_sleep: 12944
2022-04-29 23:30:54,765 INFO o.a.j.t.J.pacing timer: concurrency: 200, delay_between_transactions: 13211.009174311926, thread_sleep: 13105
2022-04-29 23:30:54,932 INFO o.a.j.t.J.pacing timer: concurrency: 200, delay_between_transactions: 13211.009174311926, thread_sleep: 12991
2022-04-29 23:30:55,102 INFO o.a.j.t.J.pacing timer: concurrency: 200, delay_between_transactions: 13211.009174311926, thread_sleep: 13165
2022-04-29 23:30:55,287 INFO o.a.j.t.JMeterThread: Thread started: Jira 1-47
2022-04-29 23:30:55,297 INFO o.a.j.t.JMeterThread: Thread started: Jira 1-48
2022-04-29 23:30:55,778 INFO o.a.j.t.J.pacing timer: concurrency: 200, delay_between_transactions: 13211.009174311926, thread_sleep: 12778
2022-04-29 23:30:55,826 INFO o.a.j.t.J.pacing timer: concurrency: 200, delay_between_transactions: 13211.009174311926, thread_sleep: 12998
2022-04-29 23:30:55,917 INFO o.a.j.t.J.pacing timer: concurrency: 200, delay_between_transactions: 13211.009174311926, thread_sleep: 12956
2022-04-29 23:30:55,941 INFO o.a.j.t.J.pacing timer: concurrency: 200, delay_between_transactions: 13211.009174311926, thread_sleep: 13031
2022-04-29 23:30:56,302 INFO o.a.j.t.JMeterThread: Thread started: Jira 1-49
2022-04-29 23:30:56,374 INFO o.a.j.t.J.pacing timer: concurrency: 200, delay_between_transactions: 13211.009174311926, thread_sleep: 12920
2022-04-29 23:30:56,503 INFO o.a.j.t.J.pacing timer: concurrency: 200, delay_between_transactions: 13211.009174311926, thread_sleep: 12585
2022-04-29 23:30:56,687 INFO o.a.j.t.J.pacing timer: concurrency: 200, delay_between_transactions: 13211.009174311926, thread_sleep: 13122
2022-04-29 23:30:56,929 INFO o.a.j.t.J.pacing timer: concurrency: 200, delay_between_transactions: 13211.009174311926, thread_sleep: 13148
2022-04-29 23:30:56,931 INFO o.a.j.t.J.pacing timer: concurrency: 200, delay_between_transactions: 13211.009174311926, thread_sleep: 12990
2022-04-29 23:30:56,977 INFO o.a.j.t.J.pacing timer: concurrency: 200, delay_between_transactions: 13211.009174311926, thread_sleep: 13156
2022-04-29 23:30:57,080 INFO o.a.j.t.J.pacing timer: concurrency: 200, delay_between_transactions: 13211.009174311926, thread_sleep: 12941
2022-04-29 23:30:57,307 INFO o.a.j.t.JMeterThread: Thread started: Jira 1-50
2022-04-29 23:30:57,883 INFO o.a.j.t.J.pacing timer: concurrency: 200, delay_between_transactions: 13211.009174311926, thread_sleep: 13163
2022-04-29 23:30:57,941 INFO o.a.j.t.J.pacing timer: concurrency: 200, delay_between_transactions: 13211.009174311926, thread_sleep: 12918
2022-04-29 23:30:58,150 INFO o.a.j.t.J.pacing timer: concurrency: 200, delay_between_transactions: 13211.009174311926, thread_sleep: 13138
2022-04-29 23:30:58,289 INFO o.a.j.t.J.pacing timer: concurrency: 200, delay_between_transactions: 13211.009174311926, thread_sleep: 12630
2022-04-29 23:30:58,314 INFO o.a.j.t.JMeterThread: Thread started: Jira 1-51
2022-04-29 23:30:58,870 INFO o.a.j.t.J.pacing timer: concurrency: 200, delay_between_transactions: 13211.009174311926, thread_sleep: 13011
2022-04-29 23:30:58,876 INFO o.a.j.t.J.pacing timer: concurrency: 200, delay_between_transactions: 13211.009174311926, thread_sleep: 13122
2022-04-29 23:30:58,999 INFO o.a.j.t.J.pacing timer: concurrency: 200, delay_between_transactions: 13211.009174311926, thread_sleep: 13154
2022-04-29 23:30:59,088 INFO o.a.j.t.J.pacing timer: concurrency: 200, delay_between_transactions: 13211.009174311926, thread_sleep: 12956
2022-04-29 23:30:59,321 INFO o.a.j.t.JMeterThread: Thread started: Jira 1-52
2022-04-29 23:30:59,861 INFO o.a.j.t.J.pacing timer: concurrency: 200, delay_between_transactions: 13211.009174311926, thread_sleep: 12986
2022-04-29 23:30:59,921 INFO o.a.j.t.J.pacing timer: concurrency: 200, delay_between_transactions: 13211.009174311926, thread_sleep: 13044
2022-04-29 23:31:00,209 INFO o.a.j.t.J.pacing timer: concurrency: 200, delay_between_transactions: 13211.009174311926, thread_sleep: 13064
2022-04-29 23:31:00,281 INFO o.a.j.t.J.pacing timer: concurrency: 200, delay_between_transactions: 13211.009174311926, thread_sleep: 12998
2022-04-29 23:31:00,330 INFO o.a.j.t.JMeterThread: Thread started: Jira 1-53
2022-04-29 23:31:00,354 INFO o.a.j.t.J.pacing timer: concurrency: 200, delay_between_transactions: 13211.009174311926, thread_sleep: 12623
2022-04-29 23:31:00,900 INFO o.a.j.t.J.pacing timer: concurrency: 200, delay_between_transactions: 13211.009174311926, thread_sleep: 12992
2022-04-29 23:31:00,939 INFO o.a.j.t.J.pacing timer: concurrency: 200, delay_between_transactions: 13211.009174311926, thread_sleep: 13125
2022-04-29 23:31:00,944 INFO o.a.j.t.J.pacing timer: concurrency: 200, delay_between_transactions: 13211.009174311926, thread_sleep: 12992
2022-04-29 23:31:00,976 INFO o.a.j.t.J.pacing timer: concurrency: 200, delay_between_transactions: 13211.009174311926, thread_sleep: 13166
2022-04-29 23:31:01,335 INFO o.a.j.t.JMeterThread: Thread started: Jira 1-54
2022-04-29 23:31:01,901 INFO o.a.j.t.J.pacing timer: concurrency: 200, delay_between_transactions: 13211.009174311926, thread_sleep: 12954
2022-04-29 23:31:02,116 INFO o.a.j.t.J.pacing timer: concurrency: 200, delay_between_transactions: 13211.009174311926, thread_sleep: 13120
2022-04-29 23:31:02,150 INFO o.a.j.t.J.pacing timer: concurrency: 200, delay_between_transactions: 13211.009174311926, thread_sleep: 12855
2022-04-29 23:31:02,189 INFO o.a.j.t.J.pacing timer: concurrency: 200, delay_between_transactions: 13211.009174311926, thread_sleep: 12941
2022-04-29 23:31:02,341 INFO o.a.j.t.JMeterThread: Thread started: Jira 1-55
2022-04-29 23:31:02,371 INFO o.a.j.t.J.pacing timer: concurrency: 200, delay_between_transactions: 13211.009174311926, thread_sleep: 12688
2022-04-29 23:31:02,783 INFO o.a.j.t.J.pacing timer: concurrency: 200, delay_between_transactions: 13211.009174311926, thread_sleep: 13160
2022-04-29 23:31:02,915 INFO o.a.j.t.J.pacing timer: concurrency: 200, delay_between_transactions: 13211.009174311926, thread_sleep: 12971
2022-04-29 23:31:03,097 INFO o.a.j.t.J.pacing timer: concurrency: 200, delay_between_transactions: 13211.009174311926, thread_sleep: 12971
2022-04-29 23:31:03,346 INFO o.a.j.t.JMeterThread: Thread started: Jira 1-56
2022-04-29 23:31:03,352 INFO o.a.j.t.JMeterThread: Thread started: Jira 1-57
2022-04-29 23:31:03,587 INFO o.a.j.t.J.pacing timer: concurrency: 200, delay_between_transactions: 13211.009174311926, thread_sleep: 12700
2022-04-29 23:31:03,737 INFO o.a.j.t.J.pacing timer: concurrency: 200, delay_between_transactions: 13211.009174311926, thread_sleep: 13161
2022-04-29 23:31:03,854 INFO o.a.j.t.J.pacing timer: concurrency: 200, delay_between_transactions: 13211.009174311926, thread_sleep: 13104
2022-04-29 23:31:04,008 INFO o.a.j.t.J.pacing timer: concurrency: 200, delay_between_transactions: 13211.009174311926, thread_sleep: 12999
2022-04-29 23:31:04,084 INFO o.a.j.t.J.pacing timer: concurrency: 200, delay_between_transactions: 13211.009174311926, thread_sleep: 13011
2022-04-29 23:31:04,356 INFO o.a.j.t.JMeterThread: Thread started: Jira 1-58
2022-04-29 23:31:04,476 INFO o.a.j.t.J.pacing timer: concurrency: 200, delay_between_transactions: 13211.009174311926, thread_sleep: 12720
2022-04-29 23:31:04,885 INFO o.a.j.t.J.pacing timer: concurrency: 200, delay_between_transactions: 13211.009174311926, thread_sleep: 12993
2022-04-29 23:31:04,976 INFO o.a.j.t.J.pacing timer: concurrency: 200, delay_between_transactions: 13211.009174311926, thread_sleep: 13148
2022-04-29 23:31:05,075 INFO o.a.j.t.J.pacing timer: concurrency: 200, delay_between_transactions: 13211.009174311926, thread_sleep: 13017
2022-04-29 23:31:05,109 INFO o.a.j.t.J.pacing timer: concurrency: 200, delay_between_transactions: 13211.009174311926, thread_sleep: 12863
2022-04-29 23:31:05,233 INFO o.a.j.t.J.pacing timer: concurrency: 200, delay_between_transactions: 13211.009174311926, thread_sleep: 13018
2022-04-29 23:31:05,366 INFO o.a.j.t.JMeterThread: Thread started: Jira 1-59
2022-04-29 23:31:05,853 INFO o.a.j.t.J.pacing timer: concurrency: 200, delay_between_transactions: 13211.009174311926, thread_sleep: 13025
2022-04-29 23:31:06,120 INFO o.a.j.t.J.pacing timer: concurrency: 200, delay_between_transactions: 13211.009174311926, thread_sleep: 12870
2022-04-29 23:31:06,372 INFO o.a.j.t.JMeterThread: Thread started: Jira 1-60
2022-04-29 23:31:06,373 INFO o.a.j.t.J.pacing timer: concurrency: 200, delay_between_transactions: 13211.009174311926, thread_sleep: 12832
2022-04-29 23:31:06,396 INFO o.a.j.t.J.pacing timer: concurrency: 200, delay_between_transactions: 13211.009174311926, thread_sleep: 12707
2022-04-29 23:31:06,807 INFO o.a.j.t.J.pacing timer: concurrency: 200, delay_between_transactions: 13211.009174311926, thread_sleep: 13086
2022-04-29 23:31:06,943 INFO o.a.j.t.J.pacing timer: concurrency: 200, delay_between_transactions: 13211.009174311926, thread_sleep: 13019
2022-04-29 23:31:07,099 INFO o.a.j.t.J.pacing timer: concurrency: 200, delay_between_transactions: 13211.009174311926, thread_sleep: 13011
2022-04-29 23:31:07,378 INFO o.a.j.t.JMeterThread: Thread started: Jira 1-61
2022-04-29 23:31:07,400 INFO o.a.j.t.J.pacing timer: concurrency: 200, delay_between_transactions: 13211.009174311926, thread_sleep: 12846
2022-04-29 23:31:07,475 INFO o.a.j.t.J.pacing timer: concurrency: 200, delay_between_transactions: 13211.009174311926, thread_sleep: 13168
2022-04-29 23:31:07,617 INFO o.a.j.t.J.pacing timer: concurrency: 200, delay_between_transactions: 13211.009174311926, thread_sleep: 13094
2022-04-29 23:31:07,878 INFO o.a.j.t.J.pacing timer: concurrency: 200, delay_between_transactions: 13211.009174311926, thread_sleep: 12993
2022-04-29 23:31:07,959 INFO o.a.j.t.J.pacing timer: concurrency: 200, delay_between_transactions: 13211.009174311926, thread_sleep: 13123
2022-04-29 23:31:08,367 INFO o.a.j.t.J.pacing timer: concurrency: 200, delay_between_transactions: 13211.009174311926, thread_sleep: 12767
2022-04-29 23:31:08,383 INFO o.a.j.t.JMeterThread: Thread started: Jira 1-62
2022-04-29 23:31:08,511 INFO o.a.j.t.J.pacing timer: concurrency: 200, delay_between_transactions: 13211.009174311926, thread_sleep: 12967
2022-04-29 23:31:08,737 INFO o.a.j.t.J.pacing timer: concurrency: 200, delay_between_transactions: 13211.009174311926, thread_sleep: 13031
2022-04-29 23:31:08,880 INFO o.a.j.t.J.pacing timer: concurrency: 200, delay_between_transactions: 13211.009174311926, thread_sleep: 13007
2022-04-29 23:31:08,926 INFO o.a.j.t.J.pacing timer: concurrency: 200, delay_between_transactions: 13211.009174311926, thread_sleep: 13109
2022-04-29 23:31:08,942 INFO o.a.j.t.J.pacing timer: concurrency: 200, delay_between_transactions: 13211.009174311926, thread_sleep: 13145
2022-04-29 23:31:09,200 INFO o.a.j.t.J.pacing timer: concurrency: 200, delay_between_transactions: 13211.009174311926, thread_sleep: 13099
2022-04-29 23:31:09,306 INFO o.a.j.t.J.pacing timer: concurrency: 200, delay_between_transactions: 13211.009174311926, thread_sleep: 12878
2022-04-29 23:31:09,389 INFO o.a.j.t.JMeterThread: Thread started: Jira 1-63
2022-04-29 23:31:09,682 INFO o.a.j.t.J.pacing timer: concurrency: 200, delay_between_transactions: 13211.009174311926, thread_sleep: 12824
2022-04-29 23:31:09,739 INFO o.a.j.t.J.pacing timer: concurrency: 200, delay_between_transactions: 13211.009174311926, thread_sleep: 13174
2022-04-29 23:31:09,855 INFO o.a.j.t.J.pacing timer: concurrency: 200, delay_between_transactions: 13211.009174311926, thread_sleep: 13165
2022-04-29 23:31:10,063 INFO o.a.j.t.J.pacing timer: concurrency: 200, delay_between_transactions: 13211.009174311926, thread_sleep: 13170
2022-04-29 23:31:10,124 INFO o.a.j.t.J.pacing timer: concurrency: 200, delay_between_transactions: 13211.009174311926, thread_sleep: 13009
2022-04-29 23:31:10,143 INFO o.a.j.t.J.pacing timer: concurrency: 200, delay_between_transactions: 13211.009174311926, thread_sleep: 13146
2022-04-29 23:31:10,398 INFO o.a.j.t.JMeterThread: Thread started: Jira 1-64
2022-04-29 23:31:10,582 INFO o.a.j.t.J.pacing timer: concurrency: 200, delay_between_transactions: 13211.009174311926, thread_sleep: 12762
2022-04-29 23:31:10,956 INFO o.a.j.t.J.pacing timer: concurrency: 200, delay_between_transactions: 13211.009174311926, thread_sleep: 12990
2022-04-29 23:31:11,077 INFO o.a.j.t.J.pacing timer: concurrency: 200, delay_between_transactions: 13211.009174311926, thread_sleep: 12994
2022-04-29 23:31:11,136 INFO o.a.j.t.J.pacing timer: concurrency: 200, delay_between_transactions: 13211.009174311926, thread_sleep: 13123
2022-04-29 23:31:11,347 INFO o.a.j.t.J.pacing timer: concurrency: 200, delay_between_transactions: 13211.009174311926, thread_sleep: 12784
2022-04-29 23:31:11,400 INFO o.a.j.t.J.pacing timer: concurrency: 200, delay_between_transactions: 13211.009174311926, thread_sleep: 13100
2022-04-29 23:31:11,403 INFO o.a.j.t.JMeterThread: Thread started: Jira 1-65
2022-04-29 23:31:11,847 INFO o.a.j.t.J.pacing timer: concurrency: 200, delay_between_transactions: 13211.009174311926, thread_sleep: 13032
2022-04-29 23:31:11,915 INFO o.a.j.t.J.pacing timer: concurrency: 200, delay_between_transactions: 13211.009174311926, thread_sleep: 13178
2022-04-29 23:31:12,271 INFO o.a.j.t.J.pacing timer: concurrency: 200, delay_between_transactions: 13211.009174311926, thread_sleep: 12986
2022-04-29 23:31:12,355 INFO o.a.j.t.J.pacing timer: concurrency: 200, delay_between_transactions: 13211.009174311926, thread_sleep: 12854
2022-04-29 23:31:12,379 INFO o.a.j.t.J.pacing timer: concurrency: 200, delay_between_transactions: 13211.009174311926, thread_sleep: 12986
2022-04-29 23:31:12,408 INFO o.a.j.t.JMeterThread: Thread started: Jira 1-66
2022-04-29 23:31:12,417 INFO o.a.j.t.JMeterThread: Thread started: Jira 1-67
2022-04-29 23:31:12,818 INFO o.a.j.t.J.pacing timer: concurrency: 200, delay_between_transactions: 13211.009174311926, thread_sleep: 13133
2022-04-29 23:31:12,934 INFO o.a.j.t.J.pacing timer: concurrency: 200, delay_between_transactions: 13211.009174311926, thread_sleep: 13126
2022-04-29 23:31:13,094 INFO o.a.j.t.J.pacing timer: concurrency: 200, delay_between_transactions: 13211.009174311926, thread_sleep: 13094
2022-04-29 23:31:13,151 INFO o.a.j.t.J.pacing timer: concurrency: 200, delay_between_transactions: 13211.009174311926, thread_sleep: 13026
2022-04-29 23:31:13,294 INFO o.a.j.t.J.pacing timer: concurrency: 200, delay_between_transactions: 13211.009174311926, thread_sleep: 12630
2022-04-29 23:31:13,348 INFO o.a.j.t.J.pacing timer: concurrency: 200, delay_between_transactions: 13211.009174311926, thread_sleep: 13138
2022-04-29 23:31:13,380 INFO o.a.j.t.J.pacing timer: concurrency: 200, delay_between_transactions: 13211.009174311926, thread_sleep: 13111
2022-04-29 23:31:13,422 INFO o.a.j.t.JMeterThread: Thread started: Jira 1-68
2022-04-29 23:31:13,932 INFO o.a.j.t.J.pacing timer: concurrency: 200, delay_between_transactions: 13211.009174311926, thread_sleep: 13008
2022-04-29 23:31:13,943 INFO o.a.j.t.J.pacing timer: concurrency: 200, delay_between_transactions: 13211.009174311926, thread_sleep: 13161
2022-04-29 23:31:14,270 INFO o.a.j.t.J.pacing timer: concurrency: 200, delay_between_transactions: 13211.009174311926, thread_sleep: 13006
2022-04-29 23:31:14,343 INFO o.a.j.t.J.pacing timer: concurrency: 200, delay_between_transactions: 13211.009174311926, thread_sleep: 13011
2022-04-29 23:31:14,393 INFO o.a.j.t.J.pacing timer: concurrency: 200, delay_between_transactions: 13211.009174311926, thread_sleep: 12754
2022-04-29 23:31:14,430 INFO o.a.j.t.JMeterThread: Thread started: Jira 1-69
2022-04-29 23:31:14,881 INFO o.a.j.t.J.pacing timer: concurrency: 200, delay_between_transactions: 13211.009174311926, thread_sleep: 13025
2022-04-29 23:31:15,142 INFO o.a.j.t.J.pacing timer: concurrency: 200, delay_between_transactions: 13211.009174311926, thread_sleep: 13129
2022-04-29 23:31:15,233 INFO o.a.j.t.J.pacing timer: concurrency: 200, delay_between_transactions: 13211.009174311926, thread_sleep: 12984
2022-04-29 23:31:15,278 INFO o.a.j.t.J.pacing timer: concurrency: 200, delay_between_transactions: 13211.009174311926, thread_sleep: 12789
2022-04-29 23:31:15,360 INFO o.a.j.t.J.pacing timer: concurrency: 200, delay_between_transactions: 13211.009174311926, thread_sleep: 12982
2022-04-29 23:31:15,438 INFO o.a.j.t.JMeterThread: Thread started: Jira 1-70
2022-04-29 23:31:15,461 INFO o.a.j.t.J.pacing timer: concurrency: 200, delay_between_transactions: 13211.009174311926, thread_sleep: 12986
2022-04-29 23:31:15,842 INFO o.a.j.t.J.pacing timer: concurrency: 200, delay_between_transactions: 13211.009174311926, thread_sleep: 13151
2022-04-29 23:31:16,095 INFO o.a.j.t.J.pacing timer: concurrency: 200, delay_between_transactions: 13211.009174311926, thread_sleep: 13002
2022-04-29 23:31:16,362 INFO o.a.j.t.J.pacing timer: concurrency: 200, delay_between_transactions: 13211.009174311926, thread_sleep: 13138
2022-04-29 23:31:16,408 INFO o.a.j.t.J.pacing timer: concurrency: 200, delay_between_transactions: 13211.009174311926, thread_sleep: 12748
2022-04-29 23:31:16,441 INFO o.a.j.t.J.pacing timer: concurrency: 200, delay_between_transactions: 13211.009174311926, thread_sleep: 12839
2022-04-29 23:31:16,443 INFO o.a.j.t.JMeterThread: Thread started: Jira 1-71
2022-04-29 23:31:16,891 INFO o.a.j.t.J.pacing timer: concurrency: 200, delay_between_transactions: 13211.009174311926, thread_sleep: 13037
2022-04-29 23:31:16,943 INFO o.a.j.t.J.pacing timer: concurrency: 200, delay_between_transactions: 13211.009174311926, thread_sleep: 13167
2022-04-29 23:31:17,172 INFO o.a.j.t.J.pacing timer: concurrency: 200, delay_between_transactions: 13211.009174311926, thread_sleep: 12998
2022-04-29 23:31:17,186 INFO o.a.j.t.J.pacing timer: concurrency: 200, delay_between_transactions: 13211.009174311926, thread_sleep: 13121
2022-04-29 23:31:17,214 INFO o.a.j.t.J.pacing timer: concurrency: 200, delay_between_transactions: 13211.009174311926, thread_sleep: 13005
2022-04-29 23:31:17,242 INFO o.a.j.t.J.pacing timer: concurrency: 200, delay_between_transactions: 13211.009174311926, thread_sleep: 13166
2022-04-29 23:31:17,454 INFO o.a.j.t.JMeterThread: Thread started: Jira 1-72
2022-04-29 23:31:18,116 INFO o.a.j.t.J.pacing timer: concurrency: 200, delay_between_transactions: 13211.009174311926, thread_sleep: 12973
2022-04-29 23:31:18,167 INFO o.a.j.t.J.pacing timer: concurrency: 200, delay_between_transactions: 13211.009174311926, thread_sleep: 13017
2022-04-29 23:31:18,178 INFO o.a.j.t.J.pacing timer: concurrency: 200, delay_between_transactions: 13211.009174311926, thread_sleep: 13126
2022-04-29 23:31:18,281 INFO o.a.j.t.J.pacing timer: concurrency: 200, delay_between_transactions: 13211.009174311926, thread_sleep: 12685
2022-04-29 23:31:18,288 INFO o.a.j.t.J.pacing timer: concurrency: 200, delay_between_transactions: 13211.009174311926, thread_sleep: 13047
2022-04-29 23:31:18,313 INFO o.a.j.t.J.pacing timer: concurrency: 200, delay_between_transactions: 13211.009174311926, thread_sleep: 13150
2022-04-29 23:31:18,459 INFO o.a.j.t.JMeterThread: Thread started: Jira 1-73
2022-04-29 23:31:18,915 INFO o.a.j.t.J.pacing timer: concurrency: 200, delay_between_transactions: 13211.009174311926, thread_sleep: 13036
2022-04-29 23:31:18,956 INFO o.a.j.t.J.pacing timer: concurrency: 200, delay_between_transactions: 13211.009174311926, thread_sleep: 13133
2022-04-29 23:31:19,324 INFO o.a.j.t.J.pacing timer: concurrency: 200, delay_between_transactions: 13211.009174311926, thread_sleep: 12877
2022-04-29 23:31:19,327 INFO o.a.j.t.J.pacing timer: concurrency: 200, delay_between_transactions: 13211.009174311926, thread_sleep: 12988
2022-04-29 23:31:19,468 INFO o.a.j.t.JMeterThread: Thread started: Jira 1-74
2022-04-29 23:31:19,633 INFO o.a.j.t.J.pacing timer: concurrency: 200, delay_between_transactions: 13211.009174311926, thread_sleep: 12784
2022-04-29 23:31:19,952 INFO o.a.j.t.J.pacing timer: concurrency: 200, delay_between_transactions: 13211.009174311926, thread_sleep: 13023
2022-04-29 23:31:19,954 INFO o.a.j.t.J.pacing timer: concurrency: 200, delay_between_transactions: 13211.009174311926, thread_sleep: 13152
2022-04-29 23:31:20,348 INFO o.a.j.t.J.pacing timer: concurrency: 200, delay_between_transactions: 13211.009174311926, thread_sleep: 12974
2022-04-29 23:31:20,372 INFO o.a.j.t.J.pacing timer: concurrency: 200, delay_between_transactions: 13211.009174311926, thread_sleep: 13085
2022-04-29 23:31:20,385 INFO o.a.j.t.J.pacing timer: concurrency: 200, delay_between_transactions: 13211.009174311926, thread_sleep: 12789
2022-04-29 23:31:20,475 INFO o.a.j.t.JMeterThread: Thread started: Jira 1-75
2022-04-29 23:31:20,480 INFO o.a.j.t.JMeterThread: Thread started: Jira 1-76
2022-04-29 23:31:20,748 INFO o.a.j.t.J.pacing timer: concurrency: 200, delay_between_transactions: 13211.009174311926, thread_sleep: 13108
2022-04-29 23:31:20,775 INFO o.a.j.t.J.pacing timer: concurrency: 200, delay_between_transactions: 13211.009174311926, thread_sleep: 13149
2022-04-29 23:31:20,967 INFO o.a.j.t.J.pacing timer: concurrency: 200, delay_between_transactions: 13211.009174311926, thread_sleep: 13116
2022-04-29 23:31:21,016 INFO o.a.j.t.J.pacing timer: concurrency: 200, delay_between_transactions: 13211.009174311926, thread_sleep: 12996
2022-04-29 23:31:21,220 INFO o.a.j.t.J.pacing timer: concurrency: 200, delay_between_transactions: 13211.009174311926, thread_sleep: 12812
2022-04-29 23:31:21,276 INFO o.a.j.t.J.pacing timer: concurrency: 200, delay_between_transactions: 13211.009174311926, thread_sleep: 13018
2022-04-29 23:31:21,349 INFO o.a.j.t.J.pacing timer: concurrency: 200, delay_between_transactions: 13211.009174311926, thread_sleep: 12999
2022-04-29 23:31:21,485 INFO o.a.j.t.JMeterThread: Thread started: Jira 1-77
2022-04-29 23:31:21,962 INFO o.a.j.t.J.pacing timer: concurrency: 200, delay_between_transactions: 13211.009174311926, thread_sleep: 13018
2022-04-29 23:31:21,993 INFO o.a.j.t.J.pacing timer: concurrency: 200, delay_between_transactions: 13211.009174311926, thread_sleep: 13026
2022-04-29 23:31:22,089 INFO o.a.j.t.J.pacing timer: concurrency: 200, delay_between_transactions: 13211.009174311926, thread_sleep: 12601
2022-04-29 23:31:22,209 INFO o.a.j.t.J.pacing timer: concurrency: 200, delay_between_transactions: 13211.009174311926, thread_sleep: 13089
2022-04-29 23:31:22,333 INFO o.a.j.t.J.pacing timer: concurrency: 200, delay_between_transactions: 13211.009174311926, thread_sleep: 12769
2022-04-29 23:31:22,366 INFO o.a.j.t.J.pacing timer: concurrency: 200, delay_between_transactions: 13211.009174311926, thread_sleep: 13030
2022-04-29 23:31:22,394 INFO o.a.j.t.J.pacing timer: concurrency: 200, delay_between_transactions: 13211.009174311926, thread_sleep: 12853
2022-04-29 23:31:22,457 INFO o.a.j.t.J.pacing timer: concurrency: 200, delay_between_transactions: 13211.009174311926, thread_sleep: 13054
2022-04-29 23:31:22,493 INFO o.a.j.t.JMeterThread: Thread started: Jira 1-78
2022-04-29 23:31:22,704 INFO o.a.j.t.J.pacing timer: concurrency: 200, delay_between_transactions: 13211.009174311926, thread_sleep: 13014
2022-04-29 23:31:22,874 INFO o.a.j.t.J.pacing timer: concurrency: 200, delay_between_transactions: 13211.009174311926, thread_sleep: 13122
2022-04-29 23:31:23,255 INFO o.a.j.t.J.pacing timer: concurrency: 200, delay_between_transactions: 13211.009174311926, thread_sleep: 13089
2022-04-29 23:31:23,394 INFO o.a.j.t.J.pacing timer: concurrency: 200, delay_between_transactions: 13211.009174311926, thread_sleep: 12838
2022-04-29 23:31:23,497 INFO o.a.j.t.JMeterThread: Thread started: Jira 1-79
2022-04-29 23:31:23,564 INFO o.a.j.t.J.pacing timer: concurrency: 200, delay_between_transactions: 13211.009174311926, thread_sleep: 12880
2022-04-29 23:31:23,583 INFO o.a.j.t.J.pacing timer: concurrency: 200, delay_between_transactions: 13211.009174311926, thread_sleep: 12542
2022-04-29 23:31:23,640 INFO o.a.j.t.J.pacing timer: concurrency: 200, delay_between_transactions: 13211.009174311926, thread_sleep: 12915
2022-04-29 23:31:23,647 INFO o.a.j.t.J.pacing timer: concurrency: 200, delay_between_transactions: 13211.009174311926, thread_sleep: 12854
2022-04-29 23:31:23,953 INFO o.a.j.t.J.pacing timer: concurrency: 200, delay_between_transactions: 13211.009174311926, thread_sleep: 13174
2022-04-29 23:31:24,296 INFO o.a.j.t.J.pacing timer: concurrency: 200, delay_between_transactions: 13211.009174311926, thread_sleep: 12862
2022-04-29 23:31:24,306 INFO o.a.j.t.J.pacing timer: concurrency: 200, delay_between_transactions: 13211.009174311926, thread_sleep: 13036
2022-04-29 23:31:24,313 INFO o.a.j.t.J.pacing timer: concurrency: 200, delay_between_transactions: 13211.009174311926, thread_sleep: 13158
2022-04-29 23:31:24,418 INFO o.a.j.t.J.pacing timer: concurrency: 200, delay_between_transactions: 13211.009174311926, thread_sleep: 12864
2022-04-29 23:31:24,503 INFO o.a.j.t.JMeterThread: Thread started: Jira 1-80
2022-04-29 23:31:24,584 INFO o.a.j.t.J.pacing timer: concurrency: 200, delay_between_transactions: 13211.009174311926, thread_sleep: 13128
2022-04-29 23:31:24,930 INFO o.a.j.t.J.pacing timer: concurrency: 200, delay_between_transactions: 13211.009174311926, thread_sleep: 13160
2022-04-29 23:31:25,335 INFO o.a.j.t.J.pacing timer: concurrency: 200, delay_between_transactions: 13211.009174311926, thread_sleep: 12712
2022-04-29 23:31:25,343 INFO o.a.j.t.J.pacing timer: concurrency: 200, delay_between_transactions: 13211.009174311926, thread_sleep: 12962
2022-04-29 23:31:25,510 INFO o.a.j.t.JMeterThread: Thread started: Jira 1-81
2022-04-29 23:31:25,596 INFO o.a.j.t.J.pacing timer: concurrency: 200, delay_between_transactions: 13211.009174311926, thread_sleep: 12982
2022-04-29 23:31:25,633 INFO o.a.j.t.J.pacing timer: concurrency: 200, delay_between_transactions: 13211.009174311926, thread_sleep: 12788
2022-04-29 23:31:25,653 INFO o.a.j.t.J.pacing timer: concurrency: 200, delay_between_transactions: 13211.009174311926, thread_sleep: 12815
2022-04-29 23:31:26,038 INFO o.a.j.t.J.pacing timer: concurrency: 200, delay_between_transactions: 13211.009174311926, thread_sleep: 13131
2022-04-29 23:31:26,131 INFO o.a.j.t.J.pacing timer: concurrency: 200, delay_between_transactions: 13211.009174311926, thread_sleep: 13004
2022-04-29 23:31:26,158 INFO o.a.j.t.J.pacing timer: concurrency: 200, delay_between_transactions: 13211.009174311926, thread_sleep: 13113
2022-04-29 23:31:26,268 INFO o.a.j.t.J.pacing timer: concurrency: 200, delay_between_transactions: 13211.009174311926, thread_sleep: 13120
2022-04-29 23:31:26,385 INFO o.a.j.t.J.pacing timer: concurrency: 200, delay_between_transactions: 13211.009174311926, thread_sleep: 12721
2022-04-29 23:31:26,516 INFO o.a.j.t.JMeterThread: Thread started: Jira 1-82
2022-04-29 23:31:26,542 INFO o.a.j.t.J.pacing timer: concurrency: 200, delay_between_transactions: 13211.009174311926, thread_sleep: 12857
2022-04-29 23:31:26,574 INFO o.a.j.JMeter: Command: Shutdown received from /127.0.0.1
2022-04-29 23:31:26,575 WARN o.a.j.t.JMeterThread: The delay timer was interrupted - probably did not wait as long as intended.
2022-04-29 23:31:26,575 WARN o.a.j.t.JMeterThread: The delay timer was interrupted - probably did not wait as long as intended.
2022-04-29 23:31:26,575 WARN o.a.j.t.JMeterThread: The delay timer was interrupted - probably did not wait as long as intended.
2022-04-29 23:31:26,575 WARN o.a.j.t.JMeterThread: The delay timer was interrupted - probably did not wait as long as intended.
2022-04-29 23:31:26,575 WARN o.a.j.t.JMeterThread: The delay timer was interrupted - probably did not wait as long as intended.
2022-04-29 23:31:26,575 WARN o.a.j.t.JMeterThread: Interrupting: Jira 1-82 sampler: 100 /login.jsp
2022-04-29 23:31:26,575 WARN o.a.j.t.JMeterThread: The delay timer was interrupted - probably did not wait as long as intended.
2022-04-29 23:31:26,575 INFO o.a.j.t.JMeterThread: Thread is done: Jira 1-57
2022-04-29 23:31:26,575 WARN o.a.j.t.JMeterThread: The delay timer was interrupted - probably did not wait as long as intended.
2022-04-29 23:31:26,575 INFO o.a.j.t.JMeterThread: Thread is done: Jira 1-5
2022-04-29 23:31:26,575 INFO c.b.j.t.c.ConcurrencyThreadStarter: Done supplying threads
2022-04-29 23:31:26,575 INFO o.a.j.t.JMeterThread: Thread finished: Jira 1-57
2022-04-29 23:31:26,575 INFO o.a.j.t.JMeterThread: Thread finished: Jira 1-5
2022-04-29 23:31:26,575 INFO o.a.j.t.JMeterThread: Thread is done: Jira 1-26
2022-04-29 23:31:26,575 INFO o.a.j.t.JMeterThread: Thread is done: Jira 1-66
2022-04-29 23:31:26,576 INFO o.a.j.t.JMeterThread: Thread finished: Jira 1-26
2022-04-29 23:31:26,576 INFO o.a.j.t.JMeterThread: Thread is done: Jira 1-39
2022-04-29 23:31:26,576 INFO o.a.j.t.JMeterThread: Thread finished: Jira 1-66
2022-04-29 23:31:26,576 INFO o.a.j.t.JMeterThread: Thread finished: Jira 1-39
2022-04-29 23:31:26,576 WARN o.a.j.t.JMeterThread: The delay timer was interrupted - probably did not wait as long as intended.
2022-04-29 23:31:26,576 WARN o.a.j.t.JMeterThread: The delay timer was interrupted - probably did not wait as long as intended.
2022-04-29 23:31:26,576 WARN o.a.j.t.JMeterThread: The delay timer was interrupted - probably did not wait as long as intended.
2022-04-29 23:31:26,576 WARN o.a.j.t.JMeterThread: The delay timer was interrupted - probably did not wait as long as intended.
2022-04-29 23:31:26,576 WARN o.a.j.t.JMeterThread: The delay timer was interrupted - probably did not wait as long as intended.
2022-04-29 23:31:26,576 WARN o.a.j.t.JMeterThread: The delay timer was interrupted - probably did not wait as long as intended.
2022-04-29 23:31:26,576 WARN o.a.j.t.JMeterThread: The delay timer was interrupted - probably did not wait as long as intended.
2022-04-29 23:31:26,576 INFO o.a.j.t.JMeterThread: Thread is done: Jira 1-14
2022-04-29 23:31:26,576 INFO o.a.j.t.JMeterThread: Thread is done: Jira 1-49
2022-04-29 23:31:26,576 INFO o.a.j.t.JMeterThread: Thread is done: Jira 1-68
2022-04-29 23:31:26,576 INFO o.a.j.t.JMeterThread: Thread is done: Jira 1-1
2022-04-29 23:31:26,576 INFO o.a.j.t.JMeterThread: Thread is done: Jira 1-73
2022-04-29 23:31:26,576 INFO o.a.j.t.JMeterThread: Thread finished: Jira 1-14
2022-04-29 23:31:26,576 INFO o.a.j.t.JMeterThread: Thread finished: Jira 1-49
2022-04-29 23:31:26,576 INFO o.a.j.t.JMeterThread: Thread finished: Jira 1-68
2022-04-29 23:31:26,576 INFO o.a.j.t.JMeterThread: Thread finished: Jira 1-1
2022-04-29 23:31:26,576 WARN o.a.j.t.JMeterThread: The delay timer was interrupted - probably did not wait as long as intended.
2022-04-29 23:31:26,576 WARN o.a.j.t.JMeterThread: The delay timer was interrupted - probably did not wait as long as intended.
2022-04-29 23:31:26,576 INFO o.a.j.t.JMeterThread: Thread is done: Jira 1-20
2022-04-29 23:31:26,576 INFO o.a.j.t.JMeterThread: Thread finished: Jira 1-20
2022-04-29 23:31:26,576 INFO o.a.j.t.JMeterThread: Thread is done: Jira 1-67
2022-04-29 23:31:26,576 INFO o.a.j.t.JMeterThread: Thread finished: Jira 1-67
2022-04-29 23:31:26,576 WARN o.a.j.t.JMeterThread: The delay timer was interrupted - probably did not wait as long as intended.
2022-04-29 23:31:26,576 INFO o.a.j.t.JMeterThread: Thread is done: Jira 1-56
2022-04-29 23:31:26,576 INFO o.a.j.t.JMeterThread: Thread finished: Jira 1-56
2022-04-29 23:31:26,577 WARN o.a.j.t.JMeterThread: The delay timer was interrupted - probably did not wait as long as intended.
2022-04-29 23:31:26,575 INFO o.a.j.t.JMeterThread: Thread is done: Jira 1-31
2022-04-29 23:31:26,577 WARN o.a.j.t.JMeterThread: The delay timer was interrupted - probably did not wait as long as intended.
2022-04-29 23:31:26,577 INFO o.a.j.t.JMeterThread: Thread finished: Jira 1-31
2022-04-29 23:31:26,577 WARN o.a.j.t.JMeterThread: Interrupting: Jira 1-8 sampler: 1205 /rest/greenhopper/1.0/xboard/plan/backlog/data.json
2022-04-29 23:31:26,577 INFO o.a.j.t.JMeterThread: Thread is done: Jira 1-76
2022-04-29 23:31:26,577 INFO o.a.j.t.JMeterThread: Thread finished: Jira 1-76
2022-04-29 23:31:26,577 WARN o.a.j.t.JMeterThread: The delay timer was interrupted - probably did not wait as long as intended.
2022-04-29 23:31:26,577 WARN o.a.j.t.JMeterThread: The delay timer was interrupted - probably did not wait as long as intended.
2022-04-29 23:31:26,577 INFO o.a.j.t.JMeterThread: Thread is done: Jira 1-11
2022-04-29 23:31:26,577 INFO o.a.j.t.JMeterThread: Thread finished: Jira 1-11
2022-04-29 23:31:26,577 INFO o.a.j.t.JMeterThread: Thread is done: Jira 1-21
2022-04-29 23:31:26,577 WARN o.a.j.t.JMeterThread: The delay timer was interrupted - probably did not wait as long as intended.
2022-04-29 23:31:26,577 INFO o.a.j.t.JMeterThread: Thread finished: Jira 1-21
2022-04-29 23:31:26,577 INFO o.a.j.t.JMeterThread: Thread is done: Jira 1-54
2022-04-29 23:31:26,577 INFO o.a.j.t.JMeterThread: Thread finished: Jira 1-54
2022-04-29 23:31:26,577 WARN o.a.j.t.JMeterThread: The delay timer was interrupted - probably did not wait as long as intended.
2022-04-29 23:31:26,578 WARN o.a.j.t.JMeterThread: The delay timer was interrupted - probably did not wait as long as intended.
2022-04-29 23:31:26,578 INFO o.a.j.t.JMeterThread: Thread is done: Jira 1-17
2022-04-29 23:31:26,578 WARN o.a.j.t.JMeterThread: The delay timer was interrupted - probably did not wait as long as intended.
2022-04-29 23:31:26,577 WARN o.a.j.t.JMeterThread: The delay timer was interrupted - probably did not wait as long as intended.
2022-04-29 23:31:26,577 INFO o.a.j.t.JMeterThread: Thread is done: Jira 1-50
2022-04-29 23:31:26,578 INFO o.a.j.t.JMeterThread: Thread finished: Jira 1-17
2022-04-29 23:31:26,578 INFO o.a.j.t.JMeterThread: Thread is done: Jira 1-32
2022-04-29 23:31:26,576 WARN o.a.j.t.JMeterThread: The delay timer was interrupted - probably did not wait as long as intended.
2022-04-29 23:31:26,578 WARN o.a.j.t.JMeterThread: The delay timer was interrupted - probably did not wait as long as intended.
2022-04-29 23:31:26,578 WARN o.a.j.t.JMeterThread: The delay timer was interrupted - probably did not wait as long as intended.
2022-04-29 23:31:26,578 INFO o.a.j.t.JMeterThread: Thread is done: Jira 1-19
2022-04-29 23:31:26,578 INFO o.a.j.t.JMeterThread: Thread is done: Jira 1-18
2022-04-29 23:31:26,578 INFO o.a.j.t.JMeterThread: Thread finished: Jira 1-19
2022-04-29 23:31:26,578 INFO o.a.j.t.JMeterThread: Thread is done: Jira 1-13
2022-04-29 23:31:26,578 INFO o.a.j.t.JMeterThread: Thread is done: Jira 1-23
2022-04-29 23:31:26,578 INFO o.a.j.t.JMeterThread: Thread finished: Jira 1-13
2022-04-29 23:31:26,578 INFO o.a.j.t.JMeterThread: Thread finished: Jira 1-23
2022-04-29 23:31:26,576 INFO o.a.j.t.JMeterThread: Thread is done: Jira 1-34
2022-04-29 23:31:26,576 INFO o.a.j.t.JMeterThread: Thread is done: Jira 1-24
2022-04-29 23:31:26,578 WARN o.a.j.t.JMeterThread: The delay timer was interrupted - probably did not wait as long as intended.
2022-04-29 23:31:26,578 INFO o.a.j.t.JMeterThread: Thread finished: Jira 1-18
2022-04-29 23:31:26,579 INFO o.a.j.t.JMeterThread: Thread is done: Jira 1-43
2022-04-29 23:31:26,578 INFO o.a.j.t.JMeterThread: Thread finished: Jira 1-73
2022-04-29 23:31:26,578 WARN o.a.j.t.JMeterThread: The delay timer was interrupted - probably did not wait as long as intended.
2022-04-29 23:31:26,578 INFO o.a.j.t.JMeterThread: Thread is done: Jira 1-47
2022-04-29 23:31:26,579 WARN o.a.j.t.JMeterThread: The delay timer was interrupted - probably did not wait as long as intended.
2022-04-29 23:31:26,579 INFO o.a.j.t.JMeterThread: Thread is done: Jira 1-10
2022-04-29 23:31:26,579 INFO o.a.j.t.JMeterThread: Thread is done: Jira 1-48
2022-04-29 23:31:26,579 WARN o.a.j.t.JMeterThread: The delay timer was interrupted - probably did not wait as long as intended.
2022-04-29 23:31:26,578 INFO o.a.j.t.JMeterThread: Thread finished: Jira 1-24
2022-04-29 23:31:26,580 INFO o.a.j.t.JMeterThread: Thread is done: Jira 1-9
2022-04-29 23:31:26,580 WARN o.a.j.t.JMeterThread: The delay timer was interrupted - probably did not wait as long as intended.
2022-04-29 23:31:26,580 WARN o.a.j.t.JMeterThread: The delay timer was interrupted - probably did not wait as long as intended.
2022-04-29 23:31:26,579 INFO o.a.j.t.JMeterThread: Thread finished: Jira 1-43
2022-04-29 23:31:26,578 INFO o.a.j.e.StandardJMeterEngine: Notifying test listeners of end of test
2022-04-29 23:31:26,580 WARN o.a.j.t.JMeterThread: The delay timer was interrupted - probably did not wait as long as intended.
2022-04-29 23:31:26,580 INFO o.a.j.t.JMeterThread: Thread finished: Jira 1-32
2022-04-29 23:31:26,580 INFO o.a.j.t.JMeterThread: Thread finished: Jira 1-48
2022-04-29 23:31:26,577 WARN o.a.j.t.JMeterThread: The delay timer was interrupted - probably did not wait as long as intended.
2022-04-29 23:31:26,585 INFO o.a.j.t.JMeterThread: Thread is done: Jira 1-38
2022-04-29 23:31:26,577 INFO o.a.j.t.JMeterThread: Thread is done: Jira 1-15
2022-04-29 23:31:26,579 INFO o.a.j.t.JMeterThread: Thread finished: Jira 1-47
2022-04-29 23:31:26,585 INFO o.a.j.t.JMeterThread: Thread finished: Jira 1-15
2022-04-29 23:31:26,580 INFO o.a.j.t.JMeterThread: Thread is done: Jira 1-28
2022-04-29 23:31:26,584 WARN o.a.j.t.JMeterThread: The delay timer was interrupted - probably did not wait as long as intended.
2022-04-29 23:31:26,584 WARN o.a.j.t.JMeterThread: The delay timer was interrupted - probably did not wait as long as intended.
2022-04-29 23:31:26,584 INFO o.a.j.t.JMeterThread: Thread is done: Jira 1-82
2022-04-29 23:31:26,585 INFO o.a.j.t.JMeterThread: Thread finished: Jira 1-28
2022-04-29 23:31:26,584 WARN o.a.j.t.JMeterThread: The delay timer was interrupted - probably did not wait as long as intended.
2022-04-29 23:31:26,586 INFO o.a.j.t.JMeterThread: Thread is done: Jira 1-65
2022-04-29 23:31:26,586 INFO o.a.j.t.JMeterThread: Thread is done: Jira 1-55
2022-04-29 23:31:26,584 WARN o.a.j.t.JMeterThread: The delay timer was interrupted - probably did not wait as long as intended.
2022-04-29 23:31:26,584 WARN o.a.j.t.JMeterThread: The delay timer was interrupted - probably did not wait as long as intended.
2022-04-29 23:31:26,586 INFO o.a.j.t.JMeterThread: Thread finished: Jira 1-65
2022-04-29 23:31:26,586 INFO o.a.j.t.JMeterThread: Thread is done: Jira 1-58
2022-04-29 23:31:26,584 INFO o.a.j.t.JMeterThread: Thread is done: Jira 1-8
2022-04-29 23:31:26,584 WARN o.a.j.t.JMeterThread: The delay timer was interrupted - probably did not wait as long as intended.
2022-04-29 23:31:26,584 WARN o.a.j.t.JMeterThread: The delay timer was interrupted - probably did not wait as long as intended.
2022-04-29 23:31:26,586 INFO o.a.j.t.JMeterThread: Thread finished: Jira 1-58
2022-04-29 23:31:26,584 WARN o.a.j.t.JMeterThread: The delay timer was interrupted - probably did not wait as long as intended.
2022-04-29 23:31:26,586 INFO o.a.j.t.JMeterThread: Thread is done: Jira 1-22
2022-04-29 23:31:26,586 INFO o.a.j.t.JMeterThread: Thread is done: Jira 1-61
2022-04-29 23:31:26,586 INFO o.a.j.t.JMeterThread: Thread is done: Jira 1-77
2022-04-29 23:31:26,586 INFO o.a.j.t.JMeterThread: Thread finished: Jira 1-61
2022-04-29 23:31:26,586 INFO o.a.j.t.JMeterThread: Thread finished: Jira 1-77
2022-04-29 23:31:26,584 WARN o.a.j.t.JMeterThread: The delay timer was interrupted - probably did not wait as long as intended.
2022-04-29 23:31:26,584 WARN o.a.j.t.JMeterThread: The delay timer was interrupted - probably did not wait as long as intended.
2022-04-29 23:31:26,584 WARN o.a.j.t.JMeterThread: The delay timer was interrupted - probably did not wait as long as intended.
2022-04-29 23:31:26,584 WARN o.a.j.t.JMeterThread: The delay timer was interrupted - probably did not wait as long as intended.
2022-04-29 23:31:26,584 WARN o.a.j.t.JMeterThread: The delay timer was interrupted - probably did not wait as long as intended.
2022-04-29 23:31:26,584 WARN o.a.j.t.JMeterThread: The delay timer was interrupted - probably did not wait as long as intended.
2022-04-29 23:31:26,587 INFO o.a.j.t.JMeterThread: Thread is done: Jira 1-71
2022-04-29 23:31:26,584 WARN o.a.j.t.JMeterThread: The delay timer was interrupted - probably did not wait as long as intended.
2022-04-29 23:31:26,587 INFO o.a.j.t.JMeterThread: Thread is done: Jira 1-44
2022-04-29 23:31:26,587 INFO o.a.j.t.JMeterThread: Thread is done: Jira 1-37
2022-04-29 23:31:26,587 INFO o.a.j.t.JMeterThread: Thread is done: Jira 1-78
2022-04-29 23:31:26,584 WARN o.a.j.t.JMeterThread: The delay timer was interrupted - probably did not wait as long as intended.
2022-04-29 23:31:26,587 INFO o.a.j.t.JMeterThread: Thread finished: Jira 1-37
2022-04-29 23:31:26,587 INFO o.a.j.t.JMeterThread: Thread is done: Jira 1-70
2022-04-29 23:31:26,587 INFO o.a.j.t.JMeterThread: Thread finished: Jira 1-78
2022-04-29 23:31:26,587 INFO o.a.j.t.JMeterThread: Thread is done: Jira 1-41
2022-04-29 23:31:26,587 INFO o.a.j.t.JMeterThread: Thread finished: Jira 1-41
2022-04-29 23:31:26,584 WARN o.a.j.t.JMeterThread: The delay timer was interrupted - probably did not wait as long as intended.
2022-04-29 23:31:26,587 INFO o.a.j.t.JMeterThread: Thread is done: Jira 1-74
2022-04-29 23:31:26,587 INFO o.a.j.t.JMeterThread: Thread finished: Jira 1-74
2022-04-29 23:31:26,584 WARN o.a.j.t.JMeterThread: The delay timer was interrupted - probably did not wait as long as intended.
2022-04-29 23:31:26,584 WARN o.a.j.t.JMeterThread: The delay timer was interrupted - probably did not wait as long as intended.
2022-04-29 23:31:26,584 WARN o.a.j.t.JMeterThread: The delay timer was interrupted - probably did not wait as long as intended.
2022-04-29 23:31:26,584 WARN o.a.j.t.JMeterThread: The delay timer was interrupted - probably did not wait as long as intended.
2022-04-29 23:31:26,587 INFO o.a.j.t.JMeterThread: Thread is done: Jira 1-16
2022-04-29 23:31:26,584 WARN o.a.j.t.JMeterThread: The delay timer was interrupted - probably did not wait as long as intended.
2022-04-29 23:31:26,588 INFO o.a.j.t.JMeterThread: Thread is done: Jira 1-36
2022-04-29 23:31:26,588 INFO o.a.j.t.JMeterThread: Thread finished: Jira 1-36
2022-04-29 23:31:26,588 INFO o.a.j.t.JMeterThread: Thread is done: Jira 1-27
2022-04-29 23:31:26,588 INFO o.a.j.t.JMeterThread: Thread is done: Jira 1-33
2022-04-29 23:31:26,588 INFO o.a.j.t.JMeterThread: Thread finished: Jira 1-27
2022-04-29 23:31:26,588 INFO o.a.j.t.JMeterThread: Thread finished: Jira 1-33
2022-04-29 23:31:26,584 WARN o.a.j.t.JMeterThread: The delay timer was interrupted - probably did not wait as long as intended.
2022-04-29 23:31:26,584 WARN o.a.j.t.JMeterThread: The delay timer was interrupted - probably did not wait as long as intended.
2022-04-29 23:31:26,584 WARN o.a.j.t.JMeterThread: The delay timer was interrupted - probably did not wait as long as intended.
2022-04-29 23:31:26,584 WARN o.a.j.t.JMeterThread: The delay timer was interrupted - probably did not wait as long as intended.
2022-04-29 23:31:26,584 WARN o.a.j.t.JMeterThread: The delay timer was interrupted - probably did not wait as long as intended.
2022-04-29 23:31:26,588 INFO o.a.j.t.JMeterThread: Thread is done: Jira 1-69
2022-04-29 23:31:26,588 INFO o.a.j.t.JMeterThread: Thread is done: Jira 1-35
2022-04-29 23:31:26,584 WARN o.a.j.t.JMeterThread: The delay timer was interrupted - probably did not wait as long as intended.
2022-04-29 23:31:26,588 INFO o.a.j.t.JMeterThread: Thread is done: Jira 1-59
2022-04-29 23:31:26,584 WARN o.a.j.t.JMeterThread: The delay timer was interrupted - probably did not wait as long as intended.
2022-04-29 23:31:26,588 INFO o.a.j.t.JMeterThread: Thread finished: Jira 1-59
2022-04-29 23:31:26,588 INFO o.a.j.t.JMeterThread: Thread is done: Jira 1-7
2022-04-29 23:31:26,588 INFO o.a.j.t.JMeterThread: Thread is done: Jira 1-80
2022-04-29 23:31:26,588 INFO o.a.j.t.JMeterThread: Thread finished: Jira 1-80
2022-04-29 23:31:26,584 WARN o.a.j.t.JMeterThread: The delay timer was interrupted - probably did not wait as long as intended.
2022-04-29 23:31:26,584 WARN o.a.j.t.JMeterThread: The delay timer was interrupted - probably did not wait as long as intended.
2022-04-29 23:31:26,584 WARN o.a.j.t.JMeterThread: The delay timer was interrupted - probably did not wait as long as intended.
2022-04-29 23:31:26,584 WARN o.a.j.t.JMeterThread: The delay timer was interrupted - probably did not wait as long as intended.
2022-04-29 23:31:26,589 INFO o.a.j.t.JMeterThread: Thread is done: Jira 1-6
2022-04-29 23:31:26,584 WARN o.a.j.t.JMeterThread: The delay timer was interrupted - probably did not wait as long as intended.
2022-04-29 23:31:26,589 INFO o.a.j.t.JMeterThread: Thread finished: Jira 1-6
2022-04-29 23:31:26,584 WARN o.a.j.t.JMeterThread: The delay timer was interrupted - probably did not wait as long as intended.
2022-04-29 23:31:26,589 INFO o.a.j.t.JMeterThread: Thread is done: Jira 1-60
2022-04-29 23:31:26,589 INFO o.a.j.t.JMeterThread: Thread is done: Jira 1-64
2022-04-29 23:31:26,584 WARN o.a.j.t.JMeterThread: The delay timer was interrupted - probably did not wait as long as intended.
2022-04-29 23:31:26,584 WARN o.a.j.t.JMeterThread: The delay timer was interrupted - probably did not wait as long as intended.
2022-04-29 23:31:26,589 INFO o.a.j.t.JMeterThread: Thread finished: Jira 1-60
2022-04-29 23:31:26,584 WARN o.a.j.t.JMeterThread: The delay timer was interrupted - probably did not wait as long as intended.
2022-04-29 23:31:26,589 INFO o.a.j.t.JMeterThread: Thread finished: Jira 1-64
2022-04-29 23:31:26,589 INFO o.a.j.t.JMeterThread: Thread is done: Jira 1-25
2022-04-29 23:31:26,584 WARN o.a.j.t.JMeterThread: The delay timer was interrupted - probably did not wait as long as intended.
2022-04-29 23:31:26,580 INFO o.a.j.s.FileServer: Close: datasets/jira/jqls.csv
2022-04-29 23:31:26,589 INFO o.a.j.t.JMeterThread: Thread is done: Jira 1-3
2022-04-29 23:31:26,589 INFO o.a.j.t.JMeterThread: Thread is done: Jira 1-46
2022-04-29 23:31:26,589 INFO o.a.j.t.JMeterThread: Thread finished: Jira 1-3
2022-04-29 23:31:26,589 INFO o.a.j.t.JMeterThread: Thread finished: Jira 1-46
2022-04-29 23:31:26,578 WARN o.a.j.t.JMeterThread: The delay timer was interrupted - probably did not wait as long as intended.
2022-04-29 23:31:26,578 INFO o.a.j.t.JMeterThread: Thread finished: Jira 1-34
2022-04-29 23:31:26,589 INFO o.a.j.t.JMeterThread: Thread is done: Jira 1-81
2022-04-29 23:31:26,589 INFO o.a.j.t.JMeterThread: Thread finished: Jira 1-81
2022-04-29 23:31:26,580 WARN o.a.j.t.JMeterThread: The delay timer was interrupted - probably did not wait as long as intended.
2022-04-29 23:31:26,580 INFO o.a.j.t.JMeterThread: Thread is done: Jira 1-40
2022-04-29 23:31:26,580 WARN o.a.j.t.JMeterThread: The delay timer was interrupted - probably did not wait as long as intended.
2022-04-29 23:31:26,580 INFO o.a.j.t.JMeterThread: Thread finished: Jira 1-9
2022-04-29 23:31:26,580 INFO o.a.j.t.JMeterThread: Thread is done: Jira 1-52
2022-04-29 23:31:26,590 INFO o.a.j.t.JMeterThread: Thread is done: Jira 1-62
2022-04-29 23:31:26,590 INFO o.a.j.t.JMeterThread: Thread is done: Jira 1-29
2022-04-29 23:31:26,590 INFO o.a.j.t.JMeterThread: Thread finished: Jira 1-62
2022-04-29 23:31:26,590 INFO o.a.j.t.JMeterThread: Thread finished: Jira 1-29
2022-04-29 23:31:26,590 INFO o.a.j.t.JMeterThread: Thread is done: Jira 1-30
2022-04-29 23:31:26,590 INFO o.a.j.t.JMeterThread: Thread finished: Jira 1-30
2022-04-29 23:31:26,579 INFO o.a.j.t.JMeterThread: Thread finished: Jira 1-10
2022-04-29 23:31:26,579 INFO o.a.j.t.JMeterThread: Thread finished: Jira 1-50
2022-04-29 23:31:26,590 INFO o.a.j.t.JMeterThread: Thread finished: Jira 1-52
2022-04-29 23:31:26,589 INFO o.a.j.s.FileServer: Close: datasets/jira/users.csv
2022-04-29 23:31:26,591 INFO o.a.j.t.JMeterThread: Thread finished: Jira 1-40
2022-04-29 23:31:26,591 INFO o.a.j.t.JMeterThread: Thread finished: Jira 1-25
2022-04-29 23:31:26,591 INFO o.a.j.t.JMeterThread: Thread is done: Jira 1-79
2022-04-29 23:31:26,591 INFO o.a.j.t.JMeterThread: Thread finished: Jira 1-79
2022-04-29 23:31:26,591 INFO o.a.j.t.JMeterThread: Thread is done: Jira 1-4
2022-04-29 23:31:26,591 INFO o.a.j.t.JMeterThread: Thread finished: Jira 1-4
2022-04-29 23:31:26,589 INFO o.a.j.t.JMeterThread: Thread is done: Jira 1-72
2022-04-29 23:31:26,588 INFO o.a.j.t.JMeterThread: Thread finished: Jira 1-7
2022-04-29 23:31:26,588 INFO o.a.j.t.JMeterThread: Thread is done: Jira 1-45
2022-04-29 23:31:26,592 INFO o.a.j.t.JMeterThread: Thread finished: Jira 1-72
2022-04-29 23:31:26,588 INFO o.a.j.t.JMeterThread: Thread finished: Jira 1-35
2022-04-29 23:31:26,592 INFO o.a.j.e.StandardJMeterEngine: Forced JVM shutdown requested at end of test
2022-04-29 23:31:26,588 INFO o.a.j.t.JMeterThread: Thread finished: Jira 1-69
2022-04-29 23:31:26,593 INFO o.a.j.t.JMeterThread: Thread is done: Jira 1-2
2022-04-29 23:31:26,593 INFO o.a.j.t.JMeterThread: Thread finished: Jira 1-2
2022-04-29 23:31:26,588 INFO o.a.j.t.JMeterThread: Thread is done: Jira 1-12
2022-04-29 23:31:26,588 INFO o.a.j.t.JMeterThread: Thread finished: Jira 1-16
2022-04-29 23:31:26,593 INFO o.a.j.t.JMeterThread: Thread finished: Jira 1-12
2022-04-29 23:31:26,587 INFO o.a.j.t.JMeterThread: Thread finished: Jira 1-44
2022-04-29 23:31:26,593 INFO o.a.j.t.JMeterThread: Thread finished: Jira 1-70
2022-04-29 23:31:26,586 INFO o.a.j.t.JMeterThread: Thread is done: Jira 1-51
2022-04-29 23:31:26,594 INFO o.a.j.t.JMeterThread: Thread finished: Jira 1-71
2022-04-29 23:31:26,594 INFO o.a.j.t.JMeterThread: Thread finished: Jira 1-51
2022-04-29 23:31:26,594 INFO o.a.j.t.JMeterThread: Thread is done: Jira 1-75
2022-04-29 23:31:26,586 INFO o.a.j.t.JMeterThread: Thread is done: Jira 1-63
2022-04-29 23:31:26,594 INFO o.a.j.t.JMeterThread: Thread finished: Jira 1-63
2022-04-29 23:31:26,594 INFO o.a.j.t.JMeterThread: Thread finished: Jira 1-22
2022-04-29 23:31:26,594 INFO o.a.j.t.JMeterThread: Thread finished: Jira 1-8
2022-04-29 23:31:26,594 INFO o.a.j.t.JMeterThread: Thread is done: Jira 1-53
2022-04-29 23:31:26,594 INFO o.a.j.t.JMeterThread: Thread finished: Jira 1-53
2022-04-29 23:31:26,585 INFO o.a.j.t.JMeterThread: Thread finished: Jira 1-38
2022-04-29 23:31:26,592 INFO o.a.j.t.JMeterThread: Thread is done: Jira 1-42
