2022-04-24 07:43:49,440 INFO o.a.j.u.JMeterUtils: Setting Locale to en_US
2022-04-24 07:43:49,458 INFO o.a.j.JMeter: Loading user properties from: /root/.bzt/jmeter-taurus/5.4.2/bin/user.properties
2022-04-24 07:43:49,458 INFO o.a.j.JMeter: Loading system properties from: /root/.bzt/jmeter-taurus/5.4.2/bin/system.properties
2022-04-24 07:43:49,458 INFO o.a.j.JMeter: Loading additional properties from: /dc-app-performance-toolkit/app/results/jira/2022-04-24_07-43-23/jmeter-bzt.properties
2022-04-24 07:43:49,458 INFO o.a.j.JMeter: Setting System properties from file: /dc-app-performance-toolkit/app/results/jira/2022-04-24_07-43-23/system.properties
2022-04-24 07:43:49,463 INFO o.a.j.JMeter: Copyright (c) 1998-2021 The Apache Software Foundation
2022-04-24 07:43:49,463 INFO o.a.j.JMeter: Version 5.4.2
2022-04-24 07:43:49,463 INFO o.a.j.JMeter: java.version=11.0.13
2022-04-24 07:43:49,463 INFO o.a.j.JMeter: java.vm.name=OpenJDK 64-Bit Server VM
2022-04-24 07:43:49,463 INFO o.a.j.JMeter: os.name=Linux
2022-04-24 07:43:49,463 INFO o.a.j.JMeter: os.arch=amd64
2022-04-24 07:43:49,464 INFO o.a.j.JMeter: os.version=5.13.0-1022-aws
2022-04-24 07:43:49,464 INFO o.a.j.JMeter: file.encoding=UTF-8
2022-04-24 07:43:49,464 INFO o.a.j.JMeter: java.awt.headless=true
2022-04-24 07:43:49,464 INFO o.a.j.JMeter: Max memory     =8589934592
2022-04-24 07:43:49,464 INFO o.a.j.JMeter: Available Processors =8
2022-04-24 07:43:49,469 INFO o.a.j.JMeter: Default Locale=English (United States)
2022-04-24 07:43:49,470 INFO o.a.j.JMeter: JMeter  Locale=English (United States)
2022-04-24 07:43:49,470 INFO o.a.j.JMeter: JMeterHome=/root/.bzt/jmeter-taurus/5.4.2
2022-04-24 07:43:49,470 INFO o.a.j.JMeter: user.dir  =/dc-app-performance-toolkit/app
2022-04-24 07:43:49,470 INFO o.a.j.JMeter: PWD       =/dc-app-performance-toolkit/app
2022-04-24 07:43:49,470 INFO o.a.j.JMeter: IP: 172.17.0.2 Name: 0fb44c00704a FullName: 0fb44c00704a
2022-04-24 07:43:49,470 INFO o.a.j.JMeter: user.classpath=/dc-app-performance-toolkit/app/results/jira/2022-04-24_07-43-23:/dc-app-performance-toolkit/app/jmeter
2022-04-24 07:43:49,470 INFO o.a.j.JMeter: Adding to classpath and loader: /dc-app-performance-toolkit/app/results/jira/2022-04-24_07-43-23
2022-04-24 07:43:49,471 INFO o.a.j.JMeter: Adding to classpath and loader: /dc-app-performance-toolkit/app/jmeter
2022-04-24 07:43:49,475 INFO o.a.j.s.FileServer: Default base='/dc-app-performance-toolkit/app'
2022-04-24 07:43:49,475 INFO o.a.j.s.FileServer: Set new base='/dc-app-performance-toolkit/app/jmeter'
2022-04-24 07:43:49,594 INFO o.a.j.s.SaveService: Testplan (JMX) version: 2.2. Testlog (JTL) version: 2.2
2022-04-24 07:43:49,610 INFO o.a.j.s.SaveService: Using SaveService properties version 5.0
2022-04-24 07:43:49,613 INFO o.a.j.s.SaveService: Using SaveService properties file encoding UTF-8
2022-04-24 07:43:49,616 INFO o.a.j.s.SaveService: Loading file: /dc-app-performance-toolkit/app/jmeter/modified_jira.jmx
2022-04-24 07:43:49,642 INFO o.a.j.p.h.c.CookieManager: Settings: Delete null: true Check: true Allow variable: true Save: false Prefix: COOKIE_
2022-04-24 07:43:49,704 INFO o.a.j.p.h.s.HTTPSamplerBase: Parser for text/html is org.apache.jmeter.protocol.http.parser.LagartoBasedHtmlParser
2022-04-24 07:43:49,704 INFO o.a.j.p.h.s.HTTPSamplerBase: Parser for application/xhtml+xml is org.apache.jmeter.protocol.http.parser.LagartoBasedHtmlParser
2022-04-24 07:43:49,704 INFO o.a.j.p.h.s.HTTPSamplerBase: Parser for application/xml is org.apache.jmeter.protocol.http.parser.LagartoBasedHtmlParser
2022-04-24 07:43:49,704 INFO o.a.j.p.h.s.HTTPSamplerBase: Parser for text/xml is org.apache.jmeter.protocol.http.parser.LagartoBasedHtmlParser
2022-04-24 07:43:49,704 INFO o.a.j.p.h.s.HTTPSamplerBase: Parser for text/vnd.wap.wml is org.apache.jmeter.protocol.http.parser.RegexpHTMLParser
2022-04-24 07:43:49,704 INFO o.a.j.p.h.s.HTTPSamplerBase: Parser for text/css is org.apache.jmeter.protocol.http.parser.CssParser
2022-04-24 07:43:49,959 INFO o.a.j.e.StandardJMeterEngine: Running the test!
2022-04-24 07:43:49,970 INFO o.a.j.s.SampleEvent: List of sample_variables: []
2022-04-24 07:43:49,971 INFO o.a.j.s.SampleEvent: List of sample_variables: []
2022-04-24 07:43:49,985 INFO o.a.j.e.u.CompoundVariable: Note: Function class names must contain the string: '.functions.'
2022-04-24 07:43:49,985 INFO o.a.j.e.u.CompoundVariable: Note: Function class names must not contain the string: '.gui.'
2022-04-24 07:43:50,283 INFO c.b.c.RandomCSVReader: Start reading the file: /dc-app-performance-toolkit/app/datasets/jira/issues.csv
2022-04-24 07:43:50,304 INFO c.b.c.RandomCSVReader: Reading finished. Found 8000 records in your csv file
2022-04-24 07:43:50,304 INFO c.b.c.RandomCSVReader: Start reading the file: /dc-app-performance-toolkit/app/datasets/jira/scrum-boards.csv
2022-04-24 07:43:50,304 INFO c.b.c.RandomCSVReader: Reading finished. Found 4 records in your csv file
2022-04-24 07:43:50,304 INFO c.b.c.RandomCSVReader: Start reading the file: /dc-app-performance-toolkit/app/datasets/jira/kanban-boards.csv
2022-04-24 07:43:50,304 INFO c.b.c.RandomCSVReader: Reading finished. Found 50 records in your csv file
2022-04-24 07:43:50,304 INFO c.b.c.RandomCSVReader: Start reading the file: /dc-app-performance-toolkit/app/datasets/jira/projects.csv
2022-04-24 07:43:50,305 INFO c.b.c.RandomCSVReader: Reading finished. Found 245 records in your csv file
2022-04-24 07:43:50,311 INFO o.a.j.JMeter: Running test (1650786230311)
2022-04-24 07:43:50,312 INFO o.a.j.e.StandardJMeterEngine: Starting setUp thread groups
2022-04-24 07:43:50,312 INFO o.a.j.e.StandardJMeterEngine: Starting setUp ThreadGroup: 1 : setUp Thread Group 
2022-04-24 07:43:50,312 INFO o.a.j.e.StandardJMeterEngine: Starting 1 threads for group setUp Thread Group.
2022-04-24 07:43:50,312 INFO o.a.j.e.StandardJMeterEngine: Thread will continue on error
2022-04-24 07:43:50,312 INFO o.a.j.t.ThreadGroup: Starting thread group... number=1 threads=1 ramp-up=1 delayedStart=false
2022-04-24 07:43:50,320 INFO o.a.j.t.ThreadGroup: Started thread group number 1
2022-04-24 07:43:50,320 INFO o.a.j.e.StandardJMeterEngine: Waiting for all setup thread groups to exit
2022-04-24 07:43:50,323 INFO o.a.j.t.JMeterThread: Thread started: setUp Thread Group 1-1
2022-04-24 07:43:50,338 INFO o.a.j.t.JMeterThread: Thread is done: setUp Thread Group 1-1
2022-04-24 07:43:50,338 INFO o.a.j.t.JMeterThread: Thread finished: setUp Thread Group 1-1
2022-04-24 07:43:50,338 INFO o.a.j.e.StandardJMeterEngine: All Setup Threads have ended
2022-04-24 07:43:50,358 INFO o.a.j.e.StandardJMeterEngine: Starting ThreadGroup: 1 : Jira
2022-04-24 07:43:50,358 INFO o.a.j.e.StandardJMeterEngine: Starting 200 threads for group Jira.
2022-04-24 07:43:50,358 INFO o.a.j.e.StandardJMeterEngine: Thread will continue on error
2022-04-24 07:43:50,369 INFO o.a.j.e.StandardJMeterEngine: All thread groups have been started
2022-04-24 07:43:50,370 INFO c.b.j.t.c.ConcurrencyThreadStarter: Start supplying threads
2022-04-24 07:43:50,594 INFO o.a.j.JMeter: Command: Shutdown received from /127.0.0.1
2022-04-24 07:43:50,595 INFO c.b.j.t.c.ConcurrencyThreadStarter: Done supplying threads
2022-04-24 07:43:50,770 INFO o.a.j.e.StandardJMeterEngine: Notifying test listeners of end of test
2022-04-24 07:43:50,771 INFO o.a.j.e.StandardJMeterEngine: Forced JVM shutdown requested at end of test
