2022-04-24 07:29:53,214 INFO o.a.j.u.JMeterUtils: Setting Locale to en_US
2022-04-24 07:29:53,231 INFO o.a.j.JMeter: Loading user properties from: /root/.bzt/jmeter-taurus/5.4.2/bin/user.properties
2022-04-24 07:29:53,232 INFO o.a.j.JMeter: Loading system properties from: /root/.bzt/jmeter-taurus/5.4.2/bin/system.properties
2022-04-24 07:29:53,232 INFO o.a.j.JMeter: Loading additional properties from: /dc-app-performance-toolkit/app/results/jira/2022-04-24_07-29-24/jmeter-bzt.properties
2022-04-24 07:29:53,232 INFO o.a.j.JMeter: Setting System properties from file: /dc-app-performance-toolkit/app/results/jira/2022-04-24_07-29-24/system.properties
2022-04-24 07:29:53,237 INFO o.a.j.JMeter: Copyright (c) 1998-2021 The Apache Software Foundation
2022-04-24 07:29:53,237 INFO o.a.j.JMeter: Version 5.4.2
2022-04-24 07:29:53,237 INFO o.a.j.JMeter: java.version=11.0.13
2022-04-24 07:29:53,237 INFO o.a.j.JMeter: java.vm.name=OpenJDK 64-Bit Server VM
2022-04-24 07:29:53,237 INFO o.a.j.JMeter: os.name=Linux
2022-04-24 07:29:53,237 INFO o.a.j.JMeter: os.arch=amd64
2022-04-24 07:29:53,237 INFO o.a.j.JMeter: os.version=5.13.0-1022-aws
2022-04-24 07:29:53,237 INFO o.a.j.JMeter: file.encoding=UTF-8
2022-04-24 07:29:53,237 INFO o.a.j.JMeter: java.awt.headless=true
2022-04-24 07:29:53,237 INFO o.a.j.JMeter: Max memory     =8589934592
2022-04-24 07:29:53,238 INFO o.a.j.JMeter: Available Processors =8
2022-04-24 07:29:53,243 INFO o.a.j.JMeter: Default Locale=English (United States)
2022-04-24 07:29:53,243 INFO o.a.j.JMeter: JMeter  Locale=English (United States)
2022-04-24 07:29:53,243 INFO o.a.j.JMeter: JMeterHome=/root/.bzt/jmeter-taurus/5.4.2
2022-04-24 07:29:53,243 INFO o.a.j.JMeter: user.dir  =/dc-app-performance-toolkit/app
2022-04-24 07:29:53,243 INFO o.a.j.JMeter: PWD       =/dc-app-performance-toolkit/app
2022-04-24 07:29:53,244 INFO o.a.j.JMeter: IP: 172.17.0.2 Name: 35fe87914248 FullName: 35fe87914248
2022-04-24 07:29:53,244 INFO o.a.j.JMeter: user.classpath=/dc-app-performance-toolkit/app/results/jira/2022-04-24_07-29-24:/dc-app-performance-toolkit/app/jmeter
2022-04-24 07:29:53,244 INFO o.a.j.JMeter: Adding to classpath and loader: /dc-app-performance-toolkit/app/results/jira/2022-04-24_07-29-24
2022-04-24 07:29:53,244 INFO o.a.j.JMeter: Adding to classpath and loader: /dc-app-performance-toolkit/app/jmeter
2022-04-24 07:29:53,248 INFO o.a.j.s.FileServer: Default base='/dc-app-performance-toolkit/app'
2022-04-24 07:29:53,248 INFO o.a.j.s.FileServer: Set new base='/dc-app-performance-toolkit/app/jmeter'
2022-04-24 07:29:53,371 INFO o.a.j.s.SaveService: Testplan (JMX) version: 2.2. Testlog (JTL) version: 2.2
2022-04-24 07:29:53,387 INFO o.a.j.s.SaveService: Using SaveService properties version 5.0
2022-04-24 07:29:53,390 INFO o.a.j.s.SaveService: Using SaveService properties file encoding UTF-8
2022-04-24 07:29:53,392 INFO o.a.j.s.SaveService: Loading file: /dc-app-performance-toolkit/app/jmeter/modified_jira.jmx
2022-04-24 07:29:53,418 INFO o.a.j.p.h.c.CookieManager: Settings: Delete null: true Check: true Allow variable: true Save: false Prefix: COOKIE_
2022-04-24 07:29:53,480 INFO o.a.j.p.h.s.HTTPSamplerBase: Parser for text/html is org.apache.jmeter.protocol.http.parser.LagartoBasedHtmlParser
2022-04-24 07:29:53,480 INFO o.a.j.p.h.s.HTTPSamplerBase: Parser for application/xhtml+xml is org.apache.jmeter.protocol.http.parser.LagartoBasedHtmlParser
2022-04-24 07:29:53,480 INFO o.a.j.p.h.s.HTTPSamplerBase: Parser for application/xml is org.apache.jmeter.protocol.http.parser.LagartoBasedHtmlParser
2022-04-24 07:29:53,480 INFO o.a.j.p.h.s.HTTPSamplerBase: Parser for text/xml is org.apache.jmeter.protocol.http.parser.LagartoBasedHtmlParser
2022-04-24 07:29:53,480 INFO o.a.j.p.h.s.HTTPSamplerBase: Parser for text/vnd.wap.wml is org.apache.jmeter.protocol.http.parser.RegexpHTMLParser
2022-04-24 07:29:53,480 INFO o.a.j.p.h.s.HTTPSamplerBase: Parser for text/css is org.apache.jmeter.protocol.http.parser.CssParser
2022-04-24 07:29:53,747 INFO o.a.j.e.StandardJMeterEngine: Running the test!
2022-04-24 07:29:53,748 INFO o.a.j.s.SampleEvent: List of sample_variables: []
2022-04-24 07:29:53,749 INFO o.a.j.s.SampleEvent: List of sample_variables: []
2022-04-24 07:29:53,777 INFO o.a.j.e.u.CompoundVariable: Note: Function class names must contain the string: '.functions.'
2022-04-24 07:29:53,777 INFO o.a.j.e.u.CompoundVariable: Note: Function class names must not contain the string: '.gui.'
2022-04-24 07:29:54,092 INFO c.b.c.RandomCSVReader: Start reading the file: /dc-app-performance-toolkit/app/datasets/jira/issues.csv
2022-04-24 07:29:54,112 INFO c.b.c.RandomCSVReader: Reading finished. Found 8000 records in your csv file
2022-04-24 07:29:54,112 INFO c.b.c.RandomCSVReader: Start reading the file: /dc-app-performance-toolkit/app/datasets/jira/scrum-boards.csv
2022-04-24 07:29:54,112 INFO c.b.c.RandomCSVReader: Reading finished. Found 4 records in your csv file
2022-04-24 07:29:54,112 INFO c.b.c.RandomCSVReader: Start reading the file: /dc-app-performance-toolkit/app/datasets/jira/kanban-boards.csv
2022-04-24 07:29:54,112 INFO c.b.c.RandomCSVReader: Reading finished. Found 50 records in your csv file
2022-04-24 07:29:54,113 INFO c.b.c.RandomCSVReader: Start reading the file: /dc-app-performance-toolkit/app/datasets/jira/projects.csv
2022-04-24 07:29:54,113 INFO c.b.c.RandomCSVReader: Reading finished. Found 245 records in your csv file
2022-04-24 07:29:54,118 INFO o.a.j.JMeter: Running test (1650785394118)
2022-04-24 07:29:54,120 INFO o.a.j.e.StandardJMeterEngine: Starting setUp thread groups
2022-04-24 07:29:54,120 INFO o.a.j.e.StandardJMeterEngine: Starting setUp ThreadGroup: 1 : setUp Thread Group 
2022-04-24 07:29:54,120 INFO o.a.j.e.StandardJMeterEngine: Starting 1 threads for group setUp Thread Group.
2022-04-24 07:29:54,120 INFO o.a.j.e.StandardJMeterEngine: Thread will continue on error
2022-04-24 07:29:54,120 INFO o.a.j.t.ThreadGroup: Starting thread group... number=1 threads=1 ramp-up=1 delayedStart=false
2022-04-24 07:29:54,127 INFO o.a.j.t.ThreadGroup: Started thread group number 1
2022-04-24 07:29:54,128 INFO o.a.j.e.StandardJMeterEngine: Waiting for all setup thread groups to exit
2022-04-24 07:29:54,130 INFO o.a.j.t.JMeterThread: Thread started: setUp Thread Group 1-1
2022-04-24 07:29:54,145 INFO o.a.j.t.JMeterThread: Thread is done: setUp Thread Group 1-1
2022-04-24 07:29:54,145 INFO o.a.j.t.JMeterThread: Thread finished: setUp Thread Group 1-1
2022-04-24 07:29:54,145 INFO o.a.j.e.StandardJMeterEngine: All Setup Threads have ended
2022-04-24 07:29:54,167 INFO o.a.j.e.StandardJMeterEngine: Starting ThreadGroup: 1 : Jira
2022-04-24 07:29:54,167 INFO o.a.j.e.StandardJMeterEngine: Starting 200 threads for group Jira.
2022-04-24 07:29:54,167 INFO o.a.j.e.StandardJMeterEngine: Thread will continue on error
2022-04-24 07:29:54,178 INFO o.a.j.e.StandardJMeterEngine: All thread groups have been started
2022-04-24 07:29:54,178 INFO c.b.j.t.c.ConcurrencyThreadStarter: Start supplying threads
2022-04-24 07:29:54,358 INFO o.a.j.JMeter: Command: Shutdown received from /127.0.0.1
2022-04-24 07:29:54,359 INFO c.b.j.t.c.ConcurrencyThreadStarter: Done supplying threads
2022-04-24 07:29:54,379 INFO o.a.j.e.StandardJMeterEngine: Notifying test listeners of end of test
2022-04-24 07:29:54,380 INFO o.a.j.e.StandardJMeterEngine: Forced JVM shutdown requested at end of test
