2022-04-24 06:12:08,216 INFO o.a.j.u.JMeterUtils: Setting Locale to en_US
2022-04-24 06:12:08,234 INFO o.a.j.JMeter: Loading user properties from: /root/.bzt/jmeter-taurus/5.4.2/bin/user.properties
2022-04-24 06:12:08,234 INFO o.a.j.JMeter: Loading system properties from: /root/.bzt/jmeter-taurus/5.4.2/bin/system.properties
2022-04-24 06:12:08,235 INFO o.a.j.JMeter: Loading additional properties from: /dc-app-performance-toolkit/app/results/jira/2022-04-24_06-11-40/jmeter-bzt.properties
2022-04-24 06:12:08,235 INFO o.a.j.JMeter: Setting System properties from file: /dc-app-performance-toolkit/app/results/jira/2022-04-24_06-11-40/system.properties
2022-04-24 06:12:08,240 INFO o.a.j.JMeter: Copyright (c) 1998-2021 The Apache Software Foundation
2022-04-24 06:12:08,240 INFO o.a.j.JMeter: Version 5.4.2
2022-04-24 06:12:08,240 INFO o.a.j.JMeter: java.version=11.0.13
2022-04-24 06:12:08,240 INFO o.a.j.JMeter: java.vm.name=OpenJDK 64-Bit Server VM
2022-04-24 06:12:08,240 INFO o.a.j.JMeter: os.name=Linux
2022-04-24 06:12:08,240 INFO o.a.j.JMeter: os.arch=amd64
2022-04-24 06:12:08,240 INFO o.a.j.JMeter: os.version=5.13.0-1022-aws
2022-04-24 06:12:08,240 INFO o.a.j.JMeter: file.encoding=UTF-8
2022-04-24 06:12:08,240 INFO o.a.j.JMeter: java.awt.headless=true
2022-04-24 06:12:08,240 INFO o.a.j.JMeter: Max memory     =8589934592
2022-04-24 06:12:08,240 INFO o.a.j.JMeter: Available Processors =8
2022-04-24 06:12:08,246 INFO o.a.j.JMeter: Default Locale=English (United States)
2022-04-24 06:12:08,246 INFO o.a.j.JMeter: JMeter  Locale=English (United States)
2022-04-24 06:12:08,246 INFO o.a.j.JMeter: JMeterHome=/root/.bzt/jmeter-taurus/5.4.2
2022-04-24 06:12:08,246 INFO o.a.j.JMeter: user.dir  =/dc-app-performance-toolkit/app
2022-04-24 06:12:08,246 INFO o.a.j.JMeter: PWD       =/dc-app-performance-toolkit/app
2022-04-24 06:12:08,246 INFO o.a.j.JMeter: IP: 172.17.0.2 Name: a399a21a55f4 FullName: a399a21a55f4
2022-04-24 06:12:08,246 INFO o.a.j.JMeter: user.classpath=/dc-app-performance-toolkit/app/results/jira/2022-04-24_06-11-40:/dc-app-performance-toolkit/app/jmeter
2022-04-24 06:12:08,246 INFO o.a.j.JMeter: Adding to classpath and loader: /dc-app-performance-toolkit/app/results/jira/2022-04-24_06-11-40
2022-04-24 06:12:08,247 INFO o.a.j.JMeter: Adding to classpath and loader: /dc-app-performance-toolkit/app/jmeter
2022-04-24 06:12:08,251 INFO o.a.j.s.FileServer: Default base='/dc-app-performance-toolkit/app'
2022-04-24 06:12:08,251 INFO o.a.j.s.FileServer: Set new base='/dc-app-performance-toolkit/app/jmeter'
2022-04-24 06:12:08,376 INFO o.a.j.s.SaveService: Testplan (JMX) version: 2.2. Testlog (JTL) version: 2.2
2022-04-24 06:12:08,390 INFO o.a.j.s.SaveService: Using SaveService properties version 5.0
2022-04-24 06:12:08,393 INFO o.a.j.s.SaveService: Using SaveService properties file encoding UTF-8
2022-04-24 06:12:08,396 INFO o.a.j.s.SaveService: Loading file: /dc-app-performance-toolkit/app/jmeter/modified_jira.jmx
2022-04-24 06:12:08,422 INFO o.a.j.p.h.c.CookieManager: Settings: Delete null: true Check: true Allow variable: true Save: false Prefix: COOKIE_
2022-04-24 06:12:08,485 INFO o.a.j.p.h.s.HTTPSamplerBase: Parser for text/html is org.apache.jmeter.protocol.http.parser.LagartoBasedHtmlParser
2022-04-24 06:12:08,485 INFO o.a.j.p.h.s.HTTPSamplerBase: Parser for application/xhtml+xml is org.apache.jmeter.protocol.http.parser.LagartoBasedHtmlParser
2022-04-24 06:12:08,486 INFO o.a.j.p.h.s.HTTPSamplerBase: Parser for application/xml is org.apache.jmeter.protocol.http.parser.LagartoBasedHtmlParser
2022-04-24 06:12:08,486 INFO o.a.j.p.h.s.HTTPSamplerBase: Parser for text/xml is org.apache.jmeter.protocol.http.parser.LagartoBasedHtmlParser
2022-04-24 06:12:08,486 INFO o.a.j.p.h.s.HTTPSamplerBase: Parser for text/vnd.wap.wml is org.apache.jmeter.protocol.http.parser.RegexpHTMLParser
2022-04-24 06:12:08,486 INFO o.a.j.p.h.s.HTTPSamplerBase: Parser for text/css is org.apache.jmeter.protocol.http.parser.CssParser
2022-04-24 06:12:08,751 INFO o.a.j.e.StandardJMeterEngine: Running the test!
2022-04-24 06:12:08,752 INFO o.a.j.s.SampleEvent: List of sample_variables: []
2022-04-24 06:12:08,765 INFO o.a.j.s.SampleEvent: List of sample_variables: []
2022-04-24 06:12:08,774 INFO o.a.j.e.u.CompoundVariable: Note: Function class names must contain the string: '.functions.'
2022-04-24 06:12:08,774 INFO o.a.j.e.u.CompoundVariable: Note: Function class names must not contain the string: '.gui.'
2022-04-24 06:12:09,090 INFO c.b.c.RandomCSVReader: Start reading the file: /dc-app-performance-toolkit/app/datasets/jira/issues.csv
2022-04-24 06:12:09,115 INFO c.b.c.RandomCSVReader: Reading finished. Found 8000 records in your csv file
2022-04-24 06:12:09,115 INFO c.b.c.RandomCSVReader: Start reading the file: /dc-app-performance-toolkit/app/datasets/jira/scrum-boards.csv
2022-04-24 06:12:09,115 INFO c.b.c.RandomCSVReader: Reading finished. Found 4 records in your csv file
2022-04-24 06:12:09,115 INFO c.b.c.RandomCSVReader: Start reading the file: /dc-app-performance-toolkit/app/datasets/jira/kanban-boards.csv
2022-04-24 06:12:09,115 INFO c.b.c.RandomCSVReader: Reading finished. Found 50 records in your csv file
2022-04-24 06:12:09,115 INFO c.b.c.RandomCSVReader: Start reading the file: /dc-app-performance-toolkit/app/datasets/jira/projects.csv
2022-04-24 06:12:09,116 INFO c.b.c.RandomCSVReader: Reading finished. Found 245 records in your csv file
2022-04-24 06:12:09,122 INFO o.a.j.JMeter: Running test (1650780729122)
2022-04-24 06:12:09,123 INFO o.a.j.e.StandardJMeterEngine: Starting setUp thread groups
2022-04-24 06:12:09,123 INFO o.a.j.e.StandardJMeterEngine: Starting setUp ThreadGroup: 1 : setUp Thread Group 
2022-04-24 06:12:09,123 INFO o.a.j.e.StandardJMeterEngine: Starting 1 threads for group setUp Thread Group.
2022-04-24 06:12:09,123 INFO o.a.j.e.StandardJMeterEngine: Thread will continue on error
2022-04-24 06:12:09,123 INFO o.a.j.t.ThreadGroup: Starting thread group... number=1 threads=1 ramp-up=1 delayedStart=false
2022-04-24 06:12:09,131 INFO o.a.j.t.ThreadGroup: Started thread group number 1
2022-04-24 06:12:09,131 INFO o.a.j.e.StandardJMeterEngine: Waiting for all setup thread groups to exit
2022-04-24 06:12:09,134 INFO o.a.j.t.JMeterThread: Thread started: setUp Thread Group 1-1
2022-04-24 06:12:09,151 INFO o.a.j.t.JMeterThread: Thread is done: setUp Thread Group 1-1
2022-04-24 06:12:09,151 INFO o.a.j.t.JMeterThread: Thread finished: setUp Thread Group 1-1
2022-04-24 06:12:09,152 INFO o.a.j.e.StandardJMeterEngine: All Setup Threads have ended
2022-04-24 06:12:09,179 INFO o.a.j.e.StandardJMeterEngine: Starting ThreadGroup: 1 : Jira
2022-04-24 06:12:09,179 INFO o.a.j.e.StandardJMeterEngine: Starting 200 threads for group Jira.
2022-04-24 06:12:09,180 INFO o.a.j.e.StandardJMeterEngine: Thread will continue on error
2022-04-24 06:12:09,197 INFO o.a.j.e.StandardJMeterEngine: All thread groups have been started
2022-04-24 06:12:09,197 INFO c.b.j.t.c.ConcurrencyThreadStarter: Start supplying threads
2022-04-24 06:12:09,657 INFO o.a.j.s.SampleResult: Note: Sample TimeStamps are START times
2022-04-24 06:12:09,658 INFO o.a.j.s.SampleResult: sampleresult.default.encoding is set to UTF-8
2022-04-24 06:12:09,658 INFO o.a.j.s.SampleResult: sampleresult.useNanoTime=true
2022-04-24 06:12:09,658 INFO o.a.j.s.SampleResult: sampleresult.nanoThreadSleep=5000
2022-04-24 06:12:09,668 INFO o.a.j.t.JMeterThread: Thread started: Jira 1-1
2022-04-24 06:12:09,672 INFO o.a.j.s.FileServer: Stored: datasets/jira/users.csv
2022-04-24 06:12:09,694 INFO o.a.j.p.h.s.HTTPHCAbstractImpl: Local host = a399a21a55f4
2022-04-24 06:12:09,697 INFO o.a.j.p.h.s.HTTPHC4Impl: HTTP request retry count = 0
2022-04-24 06:12:10,682 INFO o.a.j.t.JMeterThread: Thread started: Jira 1-2
2022-04-24 06:12:10,967 INFO o.a.j.s.FileServer: Stored: datasets/jira/jqls.csv
2022-04-24 06:12:11,400 INFO o.a.j.t.J.pacing timer: concurrency: 200, delay_between_transactions: 13211.009174311926, thread_sleep: 12823
2022-04-24 06:12:11,680 INFO o.a.j.t.JMeterThread: Thread started: Jira 1-3
2022-04-24 06:12:11,960 INFO o.a.j.t.J.pacing timer: concurrency: 200, delay_between_transactions: 13211.009174311926, thread_sleep: 12265
2022-04-24 06:12:12,130 INFO o.a.j.t.J.pacing timer: concurrency: 200, delay_between_transactions: 13211.009174311926, thread_sleep: 13128
2022-04-24 06:12:12,688 INFO o.a.j.t.JMeterThread: Thread started: Jira 1-4
2022-04-24 06:12:13,110 INFO o.a.j.t.J.pacing timer: concurrency: 200, delay_between_transactions: 13211.009174311926, thread_sleep: 13076
2022-04-24 06:12:13,702 INFO o.a.j.t.JMeterThread: Thread started: Jira 1-5
2022-04-24 06:12:14,188 INFO o.a.j.t.J.pacing timer: concurrency: 200, delay_between_transactions: 13211.009174311926, thread_sleep: 13026
2022-04-24 06:12:14,711 INFO o.a.j.t.JMeterThread: Thread started: Jira 1-6
2022-04-24 06:12:15,354 INFO o.a.j.t.J.pacing timer: concurrency: 200, delay_between_transactions: 13211.009174311926, thread_sleep: 12855
2022-04-24 06:12:15,716 INFO o.a.j.t.JMeterThread: Thread started: Jira 1-7
2022-04-24 06:12:16,150 INFO o.a.j.t.J.pacing timer: concurrency: 200, delay_between_transactions: 13211.009174311926, thread_sleep: 13043
2022-04-24 06:12:16,724 INFO o.a.j.t.JMeterThread: Thread started: Jira 1-8
2022-04-24 06:12:17,480 INFO o.a.j.t.J.pacing timer: concurrency: 200, delay_between_transactions: 13211.009174311926, thread_sleep: 12841
2022-04-24 06:12:17,733 INFO o.a.j.t.JMeterThread: Thread started: Jira 1-9
2022-04-24 06:12:18,432 INFO o.a.j.t.J.pacing timer: concurrency: 200, delay_between_transactions: 13211.009174311926, thread_sleep: 12798
2022-04-24 06:12:18,740 INFO o.a.j.t.JMeterThread: Thread started: Jira 1-10
2022-04-24 06:12:18,747 INFO o.a.j.t.JMeterThread: Thread started: Jira 1-11
2022-04-24 06:12:19,101 INFO o.a.j.t.J.pacing timer: concurrency: 200, delay_between_transactions: 13211.009174311926, thread_sleep: 13138
2022-04-24 06:12:19,212 INFO o.a.j.t.J.pacing timer: concurrency: 200, delay_between_transactions: 13211.009174311926, thread_sleep: 13038
2022-04-24 06:12:19,753 INFO o.a.j.t.JMeterThread: Thread started: Jira 1-12
2022-04-24 06:12:20,134 INFO o.a.j.t.J.pacing timer: concurrency: 200, delay_between_transactions: 13211.009174311926, thread_sleep: 13122
2022-04-24 06:12:20,760 INFO o.a.j.t.JMeterThread: Thread started: Jira 1-13
2022-04-24 06:12:21,231 INFO o.a.j.t.J.pacing timer: concurrency: 200, delay_between_transactions: 13211.009174311926, thread_sleep: 13039
2022-04-24 06:12:21,771 INFO o.a.j.t.JMeterThread: Thread started: Jira 1-14
2022-04-24 06:12:22,192 INFO o.a.j.t.J.pacing timer: concurrency: 200, delay_between_transactions: 13211.009174311926, thread_sleep: 13083
2022-04-24 06:12:22,777 INFO o.a.j.t.JMeterThread: Thread started: Jira 1-15
2022-04-24 06:12:23,457 INFO o.a.j.t.J.pacing timer: concurrency: 200, delay_between_transactions: 13211.009174311926, thread_sleep: 12816
2022-04-24 06:12:23,784 INFO o.a.j.t.JMeterThread: Thread started: Jira 1-16
2022-04-24 06:12:24,233 INFO o.a.j.t.J.pacing timer: concurrency: 200, delay_between_transactions: 13211.009174311926, thread_sleep: 13040
2022-04-24 06:12:24,396 INFO o.a.j.t.J.pacing timer: concurrency: 200, delay_between_transactions: 13211.009174311926, thread_sleep: 13040
2022-04-24 06:12:24,401 INFO o.a.j.t.J.pacing timer: concurrency: 200, delay_between_transactions: 13211.009174311926, thread_sleep: 13036
2022-04-24 06:12:24,790 INFO o.a.j.t.JMeterThread: Thread started: Jira 1-17
2022-04-24 06:12:25,225 INFO o.a.j.t.J.pacing timer: concurrency: 200, delay_between_transactions: 13211.009174311926, thread_sleep: 13051
2022-04-24 06:12:25,320 INFO o.a.j.t.J.pacing timer: concurrency: 200, delay_between_transactions: 13211.009174311926, thread_sleep: 13152
2022-04-24 06:12:25,796 INFO o.a.j.t.JMeterThread: Thread started: Jira 1-18
2022-04-24 06:12:26,354 INFO o.a.j.t.J.pacing timer: concurrency: 200, delay_between_transactions: 13211.009174311926, thread_sleep: 13044
2022-04-24 06:12:26,475 INFO o.a.j.t.J.pacing timer: concurrency: 200, delay_between_transactions: 13211.009174311926, thread_sleep: 12808
2022-04-24 06:12:26,802 INFO o.a.j.t.JMeterThread: Thread started: Jira 1-19
2022-04-24 06:12:26,808 INFO o.a.j.t.JMeterThread: Thread started: Jira 1-20
2022-04-24 06:12:27,166 INFO o.a.j.t.J.pacing timer: concurrency: 200, delay_between_transactions: 13211.009174311926, thread_sleep: 13134
2022-04-24 06:12:27,277 INFO o.a.j.t.J.pacing timer: concurrency: 200, delay_between_transactions: 13211.009174311926, thread_sleep: 13037
2022-04-24 06:12:27,419 INFO o.a.j.t.J.pacing timer: concurrency: 200, delay_between_transactions: 13211.009174311926, thread_sleep: 13006
2022-04-24 06:12:27,813 INFO o.a.j.t.JMeterThread: Thread started: Jira 1-21
2022-04-24 06:12:28,274 INFO o.a.j.t.J.pacing timer: concurrency: 200, delay_between_transactions: 13211.009174311926, thread_sleep: 13150
2022-04-24 06:12:28,410 INFO o.a.j.t.J.pacing timer: concurrency: 200, delay_between_transactions: 13211.009174311926, thread_sleep: 12886
2022-04-24 06:12:28,819 INFO o.a.j.t.JMeterThread: Thread started: Jira 1-22
2022-04-24 06:12:29,274 INFO o.a.j.t.J.pacing timer: concurrency: 200, delay_between_transactions: 13211.009174311926, thread_sleep: 13050
2022-04-24 06:12:29,530 INFO o.a.j.t.J.pacing timer: concurrency: 200, delay_between_transactions: 13211.009174311926, thread_sleep: 12874
2022-04-24 06:12:29,829 INFO o.a.j.t.JMeterThread: Thread started: Jira 1-23
2022-04-24 06:12:30,555 INFO o.a.j.t.J.pacing timer: concurrency: 200, delay_between_transactions: 13211.009174311926, thread_sleep: 12793
2022-04-24 06:12:30,607 INFO o.a.j.t.J.pacing timer: concurrency: 200, delay_between_transactions: 13211.009174311926, thread_sleep: 12926
2022-04-24 06:12:30,836 INFO o.a.j.t.JMeterThread: Thread started: Jira 1-24
2022-04-24 06:12:31,284 INFO o.a.j.t.J.pacing timer: concurrency: 200, delay_between_transactions: 13211.009174311926, thread_sleep: 13042
2022-04-24 06:12:31,400 INFO o.a.j.t.J.pacing timer: concurrency: 200, delay_between_transactions: 13211.009174311926, thread_sleep: 13042
2022-04-24 06:12:31,842 INFO o.a.j.t.JMeterThread: Thread started: Jira 1-25
2022-04-24 06:12:32,206 INFO o.a.j.t.J.pacing timer: concurrency: 200, delay_between_transactions: 13211.009174311926, thread_sleep: 13123
2022-04-24 06:12:32,352 INFO o.a.j.t.J.pacing timer: concurrency: 200, delay_between_transactions: 13211.009174311926, thread_sleep: 13110
2022-04-24 06:12:32,438 INFO o.a.j.t.J.pacing timer: concurrency: 200, delay_between_transactions: 13211.009174311926, thread_sleep: 13013
2022-04-24 06:12:32,848 INFO o.a.j.t.JMeterThread: Thread started: Jira 1-26
2022-04-24 06:12:33,293 INFO o.a.j.t.J.pacing timer: concurrency: 200, delay_between_transactions: 13211.009174311926, thread_sleep: 13042
2022-04-24 06:12:33,712 INFO o.a.j.t.J.pacing timer: concurrency: 200, delay_between_transactions: 13211.009174311926, thread_sleep: 12756
2022-04-24 06:12:33,855 INFO o.a.j.t.JMeterThread: Thread started: Jira 1-27
2022-04-24 06:12:34,287 INFO o.a.j.t.J.pacing timer: concurrency: 200, delay_between_transactions: 13211.009174311926, thread_sleep: 13044
2022-04-24 06:12:34,427 INFO o.a.j.t.J.pacing timer: concurrency: 200, delay_between_transactions: 13211.009174311926, thread_sleep: 13055
2022-04-24 06:12:34,860 INFO o.a.j.t.JMeterThread: Thread started: Jira 1-28
2022-04-24 06:12:34,865 INFO o.a.j.t.JMeterThread: Thread started: Jira 1-29
2022-04-24 06:12:35,260 INFO o.a.j.t.J.pacing timer: concurrency: 200, delay_between_transactions: 13211.009174311926, thread_sleep: 13122
2022-04-24 06:12:35,317 INFO o.a.j.t.J.pacing timer: concurrency: 200, delay_between_transactions: 13211.009174311926, thread_sleep: 13073
2022-04-24 06:12:35,455 INFO o.a.j.t.J.pacing timer: concurrency: 200, delay_between_transactions: 13211.009174311926, thread_sleep: 13032
2022-04-24 06:12:35,873 INFO o.a.j.t.JMeterThread: Thread started: Jira 1-30
2022-04-24 06:12:36,457 INFO o.a.j.t.J.pacing timer: concurrency: 200, delay_between_transactions: 13211.009174311926, thread_sleep: 12903
2022-04-24 06:12:36,464 INFO o.a.j.t.J.pacing timer: concurrency: 200, delay_between_transactions: 13211.009174311926, thread_sleep: 13021
2022-04-24 06:12:36,882 INFO o.a.j.t.JMeterThread: Thread started: Jira 1-31
2022-04-24 06:12:37,357 INFO o.a.j.t.J.pacing timer: concurrency: 200, delay_between_transactions: 13211.009174311926, thread_sleep: 13128
2022-04-24 06:12:37,501 INFO o.a.j.t.J.pacing timer: concurrency: 200, delay_between_transactions: 13211.009174311926, thread_sleep: 13149
2022-04-24 06:12:37,603 INFO o.a.j.t.J.pacing timer: concurrency: 200, delay_between_transactions: 13211.009174311926, thread_sleep: 13046
2022-04-24 06:12:37,656 INFO o.a.j.t.J.pacing timer: concurrency: 200, delay_between_transactions: 13211.009174311926, thread_sleep: 12811
2022-04-24 06:12:37,895 INFO o.a.j.t.JMeterThread: Thread started: Jira 1-32
2022-04-24 06:12:38,230 INFO o.a.j.t.J.pacing timer: concurrency: 200, delay_between_transactions: 13211.009174311926, thread_sleep: 13157
2022-04-24 06:12:38,583 INFO o.a.j.t.J.pacing timer: concurrency: 200, delay_between_transactions: 13211.009174311926, thread_sleep: 12904
2022-04-24 06:12:38,703 INFO o.a.j.t.J.pacing timer: concurrency: 200, delay_between_transactions: 13211.009174311926, thread_sleep: 12981
2022-04-24 06:12:38,903 INFO o.a.j.t.JMeterThread: Thread started: Jira 1-33
2022-04-24 06:12:39,360 INFO o.a.j.t.J.pacing timer: concurrency: 200, delay_between_transactions: 13211.009174311926, thread_sleep: 13054
2022-04-24 06:12:39,375 INFO o.a.j.t.J.pacing timer: concurrency: 200, delay_between_transactions: 13211.009174311926, thread_sleep: 13120
2022-04-24 06:12:39,508 INFO o.a.j.t.J.pacing timer: concurrency: 200, delay_between_transactions: 13211.009174311926, thread_sleep: 13102
2022-04-24 06:12:39,910 INFO o.a.j.t.JMeterThread: Thread started: Jira 1-34
2022-04-24 06:12:40,273 INFO o.a.j.t.J.pacing timer: concurrency: 200, delay_between_transactions: 13211.009174311926, thread_sleep: 13133
2022-04-24 06:12:40,409 INFO o.a.j.t.J.pacing timer: concurrency: 200, delay_between_transactions: 13211.009174311926, thread_sleep: 13103
2022-04-24 06:12:40,507 INFO o.a.j.t.J.pacing timer: concurrency: 200, delay_between_transactions: 13211.009174311926, thread_sleep: 13018
2022-04-24 06:12:40,808 INFO o.a.j.t.J.pacing timer: concurrency: 200, delay_between_transactions: 13211.009174311926, thread_sleep: 12829
2022-04-24 06:12:40,922 INFO o.a.j.t.JMeterThread: Thread started: Jira 1-35
2022-04-24 06:12:41,386 INFO o.a.j.t.J.pacing timer: concurrency: 200, delay_between_transactions: 13211.009174311926, thread_sleep: 13032
2022-04-24 06:12:41,602 INFO o.a.j.t.J.pacing timer: concurrency: 200, delay_between_transactions: 13211.009174311926, thread_sleep: 12906
2022-04-24 06:12:41,617 INFO o.a.j.t.J.pacing timer: concurrency: 200, delay_between_transactions: 13211.009174311926, thread_sleep: 13019
2022-04-24 06:12:41,933 INFO o.a.j.t.JMeterThread: Thread started: Jira 1-36
2022-04-24 06:12:42,384 INFO o.a.j.t.J.pacing timer: concurrency: 200, delay_between_transactions: 13211.009174311926, thread_sleep: 13041
2022-04-24 06:12:42,539 INFO o.a.j.t.J.pacing timer: concurrency: 200, delay_between_transactions: 13211.009174311926, thread_sleep: 13077
2022-04-24 06:12:42,757 INFO o.a.j.t.J.pacing timer: concurrency: 200, delay_between_transactions: 13211.009174311926, thread_sleep: 12779
2022-04-24 06:12:42,938 INFO o.a.j.t.JMeterThread: Thread started: Jira 1-37
2022-04-24 06:12:43,388 INFO o.a.j.t.J.pacing timer: concurrency: 200, delay_between_transactions: 13211.009174311926, thread_sleep: 13048
2022-04-24 06:12:43,486 INFO o.a.j.t.J.pacing timer: concurrency: 200, delay_between_transactions: 13211.009174311926, thread_sleep: 13075
2022-04-24 06:12:43,730 INFO o.a.j.t.J.pacing timer: concurrency: 200, delay_between_transactions: 13211.009174311926, thread_sleep: 13015
2022-04-24 06:12:43,945 INFO o.a.j.t.JMeterThread: Thread started: Jira 1-38
2022-04-24 06:12:43,956 INFO o.a.j.t.JMeterThread: Thread started: Jira 1-39
2022-04-24 06:12:44,321 INFO o.a.j.t.J.pacing timer: concurrency: 200, delay_between_transactions: 13211.009174311926, thread_sleep: 13138
2022-04-24 06:12:44,334 INFO o.a.j.JMeter: Command: Shutdown received from /127.0.0.1
2022-04-24 06:12:44,335 WARN o.a.j.t.JMeterThread: The delay timer was interrupted - probably did not wait as long as intended.
2022-04-24 06:12:44,335 WARN o.a.j.t.JMeterThread: The delay timer was interrupted - probably did not wait as long as intended.
2022-04-24 06:12:44,335 WARN o.a.j.t.JMeterThread: The delay timer was interrupted - probably did not wait as long as intended.
2022-04-24 06:12:44,335 WARN o.a.j.t.JMeterThread: The delay timer was interrupted - probably did not wait as long as intended.
2022-04-24 06:12:44,335 WARN o.a.j.t.JMeterThread: The delay timer was interrupted - probably did not wait as long as intended.
2022-04-24 06:12:44,335 WARN o.a.j.t.JMeterThread: The delay timer was interrupted - probably did not wait as long as intended.
2022-04-24 06:12:44,335 INFO c.b.j.t.c.ConcurrencyThreadStarter: Done supplying threads
2022-04-24 06:12:44,335 WARN o.a.j.t.JMeterThread: The delay timer was interrupted - probably did not wait as long as intended.
2022-04-24 06:12:44,335 WARN o.a.j.t.JMeterThread: The delay timer was interrupted - probably did not wait as long as intended.
2022-04-24 06:12:44,335 INFO o.a.j.t.JMeterThread: Thread is done: Jira 1-32
2022-04-24 06:12:44,335 INFO o.a.j.t.JMeterThread: Thread is done: Jira 1-37
2022-04-24 06:12:44,335 INFO o.a.j.t.JMeterThread: Thread finished: Jira 1-32
2022-04-24 06:12:44,335 WARN o.a.j.t.JMeterThread: The delay timer was interrupted - probably did not wait as long as intended.
2022-04-24 06:12:44,335 INFO o.a.j.t.JMeterThread: Thread finished: Jira 1-37
2022-04-24 06:12:44,335 INFO o.a.j.t.JMeterThread: Thread is done: Jira 1-16
2022-04-24 06:12:44,335 WARN o.a.j.t.JMeterThread: The delay timer was interrupted - probably did not wait as long as intended.
2022-04-24 06:12:44,335 WARN o.a.j.t.JMeterThread: The delay timer was interrupted - probably did not wait as long as intended.
2022-04-24 06:12:44,335 INFO o.a.j.t.JMeterThread: Thread is done: Jira 1-22
2022-04-24 06:12:44,336 INFO o.a.j.t.JMeterThread: Thread finished: Jira 1-22
2022-04-24 06:12:44,336 INFO o.a.j.t.JMeterThread: Thread is done: Jira 1-17
2022-04-24 06:12:44,336 INFO o.a.j.t.JMeterThread: Thread is done: Jira 1-29
2022-04-24 06:12:44,336 INFO o.a.j.t.JMeterThread: Thread finished: Jira 1-17
2022-04-24 06:12:44,335 WARN o.a.j.t.JMeterThread: The delay timer was interrupted - probably did not wait as long as intended.
2022-04-24 06:12:44,336 WARN o.a.j.t.JMeterThread: The delay timer was interrupted - probably did not wait as long as intended.
2022-04-24 06:12:44,335 WARN o.a.j.t.JMeterThread: The delay timer was interrupted - probably did not wait as long as intended.
2022-04-24 06:12:44,336 INFO o.a.j.t.JMeterThread: Thread is done: Jira 1-6
2022-04-24 06:12:44,336 INFO o.a.j.t.JMeterThread: Thread finished: Jira 1-6
2022-04-24 06:12:44,336 INFO o.a.j.t.JMeterThread: Thread is done: Jira 1-23
2022-04-24 06:12:44,336 INFO o.a.j.t.JMeterThread: Thread is done: Jira 1-8
2022-04-24 06:12:44,336 INFO o.a.j.t.JMeterThread: Thread finished: Jira 1-23
2022-04-24 06:12:44,336 INFO o.a.j.t.JMeterThread: Thread finished: Jira 1-29
2022-04-24 06:12:44,335 INFO o.a.j.t.JMeterThread: Thread finished: Jira 1-16
2022-04-24 06:12:44,335 INFO o.a.j.t.JMeterThread: Thread is done: Jira 1-2
2022-04-24 06:12:44,336 INFO o.a.j.t.JMeterThread: Thread finished: Jira 1-2
2022-04-24 06:12:44,335 WARN o.a.j.t.JMeterThread: The delay timer was interrupted - probably did not wait as long as intended.
2022-04-24 06:12:44,337 INFO o.a.j.e.StandardJMeterEngine: Notifying test listeners of end of test
2022-04-24 06:12:44,335 INFO o.a.j.t.JMeterThread: Thread is done: Jira 1-34
2022-04-24 06:12:44,337 INFO o.a.j.t.JMeterThread: Thread finished: Jira 1-34
2022-04-24 06:12:44,337 INFO o.a.j.t.JMeterThread: Thread is done: Jira 1-31
2022-04-24 06:12:44,338 WARN o.a.j.t.JMeterThread: The delay timer was interrupted - probably did not wait as long as intended.
2022-04-24 06:12:44,338 WARN o.a.j.t.JMeterThread: Interrupting: Jira 1-24 sampler: 200 /secure/QuickCreateIssue!default.jspa?decorator=none
2022-04-24 06:12:44,338 INFO o.a.j.t.JMeterThread: Thread is done: Jira 1-14
2022-04-24 06:12:44,338 INFO o.a.j.t.JMeterThread: Thread finished: Jira 1-14
2022-04-24 06:12:44,335 INFO o.a.j.t.JMeterThread: Thread is done: Jira 1-30
2022-04-24 06:12:44,335 INFO o.a.j.t.JMeterThread: Thread is done: Jira 1-10
2022-04-24 06:12:44,335 WARN o.a.j.t.JMeterThread: The delay timer was interrupted - probably did not wait as long as intended.
2022-04-24 06:12:44,338 INFO o.a.j.t.JMeterThread: Thread finished: Jira 1-30
2022-04-24 06:12:44,338 INFO o.a.j.t.JMeterThread: Thread finished: Jira 1-10
2022-04-24 06:12:44,335 WARN o.a.j.t.JMeterThread: The delay timer was interrupted - probably did not wait as long as intended.
2022-04-24 06:12:44,338 INFO o.a.j.t.JMeterThread: Thread is done: Jira 1-12
2022-04-24 06:12:44,335 WARN o.a.j.t.JMeterThread: The delay timer was interrupted - probably did not wait as long as intended.
2022-04-24 06:12:44,339 WARN o.a.j.t.JMeterThread: The delay timer was interrupted - probably did not wait as long as intended.
2022-04-24 06:12:44,339 INFO o.a.j.t.JMeterThread: Thread is done: Jira 1-39
2022-04-24 06:12:44,339 INFO o.a.j.t.JMeterThread: Thread is done: Jira 1-33
2022-04-24 06:12:44,339 INFO o.a.j.t.JMeterThread: Thread finished: Jira 1-12
2022-04-24 06:12:44,339 INFO o.a.j.t.JMeterThread: Thread finished: Jira 1-31
2022-04-24 06:12:44,339 INFO o.a.j.t.JMeterThread: Thread is done: Jira 1-18
2022-04-24 06:12:44,339 INFO o.a.j.t.JMeterThread: Thread finished: Jira 1-39
2022-04-24 06:12:44,339 INFO o.a.j.t.JMeterThread: Thread finished: Jira 1-18
2022-04-24 06:12:44,339 INFO o.a.j.s.FileServer: Close: datasets/jira/jqls.csv
2022-04-24 06:12:44,340 INFO o.a.j.t.JMeterThread: Thread finished: Jira 1-8
2022-04-24 06:12:44,340 INFO o.a.j.t.JMeterThread: Thread finished: Jira 1-33
2022-04-24 06:12:44,340 INFO o.a.j.t.JMeterThread: Thread is done: Jira 1-36
2022-04-24 06:12:44,340 INFO o.a.j.t.JMeterThread: Thread finished: Jira 1-36
2022-04-24 06:12:44,340 INFO o.a.j.t.JMeterThread: Thread is done: Jira 1-24
2022-04-24 06:12:44,341 INFO o.a.j.t.JMeterThread: Thread finished: Jira 1-24
2022-04-24 06:12:44,341 WARN o.a.j.t.JMeterThread: The delay timer was interrupted - probably did not wait as long as intended.
2022-04-24 06:12:44,341 WARN o.a.j.t.JMeterThread: The delay timer was interrupted - probably did not wait as long as intended.
2022-04-24 06:12:44,341 WARN o.a.j.t.JMeterThread: The delay timer was interrupted - probably did not wait as long as intended.
2022-04-24 06:12:44,341 WARN o.a.j.t.JMeterThread: The delay timer was interrupted - probably did not wait as long as intended.
2022-04-24 06:12:44,341 WARN o.a.j.t.JMeterThread: The delay timer was interrupted - probably did not wait as long as intended.
2022-04-24 06:12:44,341 INFO o.a.j.t.JMeterThread: Thread is done: Jira 1-1
2022-04-24 06:12:44,341 WARN o.a.j.t.JMeterThread: The delay timer was interrupted - probably did not wait as long as intended.
2022-04-24 06:12:44,341 INFO o.a.j.t.JMeterThread: Thread finished: Jira 1-1
2022-04-24 06:12:44,341 INFO o.a.j.t.JMeterThread: Thread is done: Jira 1-11
2022-04-24 06:12:44,342 INFO o.a.j.t.JMeterThread: Thread is done: Jira 1-35
2022-04-24 06:12:44,342 INFO o.a.j.t.JMeterThread: Thread finished: Jira 1-11
2022-04-24 06:12:44,342 INFO o.a.j.t.JMeterThread: Thread finished: Jira 1-35
2022-04-24 06:12:44,342 WARN o.a.j.t.JMeterThread: Interrupting: Jira 1-38 sampler: 340 /rest/issueNav/1/issueTable
2022-04-24 06:12:44,342 INFO o.a.j.t.JMeterThread: Thread is done: Jira 1-26
2022-04-24 06:12:44,342 WARN o.a.j.t.JMeterThread: The delay timer was interrupted - probably did not wait as long as intended.
2022-04-24 06:12:44,342 WARN o.a.j.t.JMeterThread: The delay timer was interrupted - probably did not wait as long as intended.
2022-04-24 06:12:44,342 INFO o.a.j.t.JMeterThread: Thread finished: Jira 1-26
2022-04-24 06:12:44,342 INFO o.a.j.t.JMeterThread: Thread is done: Jira 1-13
2022-04-24 06:12:44,342 WARN o.a.j.t.JMeterThread: The delay timer was interrupted - probably did not wait as long as intended.
2022-04-24 06:12:44,342 INFO o.a.j.t.JMeterThread: Thread finished: Jira 1-13
2022-04-24 06:12:44,342 INFO o.a.j.t.JMeterThread: Thread is done: Jira 1-21
2022-04-24 06:12:44,342 INFO o.a.j.t.JMeterThread: Thread finished: Jira 1-21
2022-04-24 06:12:44,342 WARN o.a.j.t.JMeterThread: The delay timer was interrupted - probably did not wait as long as intended.
2022-04-24 06:12:44,341 WARN o.a.j.t.JMeterThread: The delay timer was interrupted - probably did not wait as long as intended.
2022-04-24 06:12:44,342 INFO o.a.j.t.JMeterThread: Thread is done: Jira 1-3
2022-04-24 06:12:44,341 WARN o.a.j.t.JMeterThread: The delay timer was interrupted - probably did not wait as long as intended.
2022-04-24 06:12:44,342 INFO o.a.j.t.JMeterThread: Thread finished: Jira 1-3
2022-04-24 06:12:44,342 WARN o.a.j.t.JMeterThread: The delay timer was interrupted - probably did not wait as long as intended.
2022-04-24 06:12:44,341 WARN o.a.j.t.JMeterThread: The delay timer was interrupted - probably did not wait as long as intended.
2022-04-24 06:12:44,342 INFO o.a.j.t.JMeterThread: Thread is done: Jira 1-27
2022-04-24 06:12:44,342 INFO o.a.j.t.JMeterThread: Thread finished: Jira 1-27
2022-04-24 06:12:44,342 INFO o.a.j.t.JMeterThread: Thread is done: Jira 1-15
2022-04-24 06:12:44,342 INFO o.a.j.t.JMeterThread: Thread finished: Jira 1-15
2022-04-24 06:12:44,342 WARN o.a.j.t.JMeterThread: The delay timer was interrupted - probably did not wait as long as intended.
2022-04-24 06:12:44,341 WARN o.a.j.t.JMeterThread: The delay timer was interrupted - probably did not wait as long as intended.
2022-04-24 06:12:44,343 INFO o.a.j.t.JMeterThread: Thread is done: Jira 1-9
2022-04-24 06:12:44,343 INFO o.a.j.t.JMeterThread: Thread is done: Jira 1-19
2022-04-24 06:12:44,343 INFO o.a.j.t.JMeterThread: Thread finished: Jira 1-9
2022-04-24 06:12:44,344 INFO o.a.j.t.JMeterThread: Thread finished: Jira 1-19
2022-04-24 06:12:44,341 INFO o.a.j.t.JMeterThread: Thread is done: Jira 1-20
2022-04-24 06:12:44,341 INFO o.a.j.t.JMeterThread: Thread is done: Jira 1-4
2022-04-24 06:12:44,343 INFO o.a.j.t.JMeterThread: Thread is done: Jira 1-28
2022-04-24 06:12:44,343 INFO o.a.j.t.JMeterThread: Thread is done: Jira 1-7
2022-04-24 06:12:44,344 INFO o.a.j.t.JMeterThread: Thread finished: Jira 1-20
2022-04-24 06:12:44,344 INFO o.a.j.t.JMeterThread: Thread finished: Jira 1-4
2022-04-24 06:12:44,344 INFO o.a.j.t.JMeterThread: Thread finished: Jira 1-28
2022-04-24 06:12:44,344 INFO o.a.j.t.JMeterThread: Thread finished: Jira 1-7
2022-04-24 06:12:44,344 INFO o.a.j.t.JMeterThread: Thread is done: Jira 1-25
2022-04-24 06:12:44,344 INFO o.a.j.t.JMeterThread: Thread finished: Jira 1-25
2022-04-24 06:12:44,345 WARN o.a.j.t.JMeterThread: The delay timer was interrupted - probably did not wait as long as intended.
2022-04-24 06:12:44,345 INFO o.a.j.t.JMeterThread: Thread is done: Jira 1-5
2022-04-24 06:12:44,346 INFO o.a.j.t.JMeterThread: Thread finished: Jira 1-5
2022-04-24 06:12:44,346 INFO o.a.j.t.JMeterThread: Thread is done: Jira 1-38
2022-04-24 06:12:44,346 INFO o.a.j.s.FileServer: Close: datasets/jira/users.csv
2022-04-24 06:12:44,346 INFO o.a.j.t.JMeterThread: Thread finished: Jira 1-38
2022-04-24 06:12:44,348 INFO o.a.j.e.StandardJMeterEngine: Forced JVM shutdown requested at end of test
